INFO - 2020-11-23 13:00:57,136 [cli_sc_aggregation.py:77] : Running reV supply curve aggregation from config file: "/home/twillia2/github/revruns/revruns/agtables/revruns_064/config_aggregation.json"
INFO - 2020-11-23 13:00:57,136 [cli_sc_aggregation.py:78] : Target output directory: "/home/twillia2/github/revruns/revruns/agtables/revruns_064"
INFO - 2020-11-23 13:00:57,136 [cli_sc_aggregation.py:79] : Target logging directory: "/home/twillia2/github/revruns/revruns/agtables/revruns_064/logs"
INFO - 2020-11-23 13:00:57,138 [cli_sc_aggregation.py:450] : Running reV SC aggregation on SLURM with node name "revruns_064_agg"
INFO - 2020-11-23 13:00:57,223 [cli_sc_aggregation.py:465] : Kicked off reV SC aggregation job "revruns_064_agg" (SLURM jobid #5254803).
INFO - 2020-11-23 13:02:45,545 [sc_aggregation.py:1031] : Running supply curve point aggregation for points 66 through 401172 at a resolution of 64 on None cores in 297 chunks.
INFO - 2020-11-23 13:03:09,083 [sc_aggregation.py:1068] : Parallel aggregation futures collected: 1 out of 297
INFO - 2020-11-23 13:03:10,113 [sc_aggregation.py:1068] : Parallel aggregation futures collected: 2 out of 297
INFO - 2020-11-23 13:03:10,240 [sc_aggregation.py:1068] : Parallel aggregation futures collected: 3 out of 297
INFO - 2020-11-23 13:03:10,486 [sc_aggregation.py:1068] : Parallel aggregation futures collected: 4 out of 297
INFO - 2020-11-23 13:03:10,548 [sc_aggregation.py:1068] : Parallel aggregation futures collected: 5 out of 297
INFO - 2020-11-23 13:03:10,772 [sc_aggregation.py:1068] : Parallel aggregation futures collected: 6 out of 297
INFO - 2020-11-23 13:03:10,785 [sc_aggregation.py:1068] : Parallel aggregation futures collected: 7 out of 297
INFO - 2020-11-23 13:03:10,815 [sc_aggregation.py:1068] : Parallel aggregation futures collected: 8 out of 297
INFO - 2020-11-23 13:03:11,081 [sc_aggregation.py:1068] : Parallel aggregation futures collected: 9 out of 297
INFO - 2020-11-23 13:03:11,335 [sc_aggregation.py:1068] : Parallel aggregation futures collected: 10 out of 297
INFO - 2020-11-23 13:03:11,377 [sc_aggregation.py:1068] : Parallel aggregation futures collected: 11 out of 297
INFO - 2020-11-23 13:03:11,456 [sc_aggregation.py:1068] : Parallel aggregation futures collected: 12 out of 297
INFO - 2020-11-23 13:03:11,512 [sc_aggregation.py:1068] : Parallel aggregation futures collected: 13 out of 297
INFO - 2020-11-23 13:03:11,571 [sc_aggregation.py:1068] : Parallel aggregation futures collected: 14 out of 297
INFO - 2020-11-23 13:03:11,611 [sc_aggregation.py:1068] : Parallel aggregation futures collected: 15 out of 297
INFO - 2020-11-23 13:03:11,652 [sc_aggregation.py:1068] : Parallel aggregation futures collected: 16 out of 297
INFO - 2020-11-23 13:03:11,694 [sc_aggregation.py:1068] : Parallel aggregation futures collected: 17 out of 297
INFO - 2020-11-23 13:03:11,737 [sc_aggregation.py:1068] : Parallel aggregation futures collected: 18 out of 297
INFO - 2020-11-23 13:03:11,801 [sc_aggregation.py:1068] : Parallel aggregation futures collected: 19 out of 297
INFO - 2020-11-23 13:03:12,044 [sc_aggregation.py:1068] : Parallel aggregation futures collected: 20 out of 297
INFO - 2020-11-23 13:03:12,064 [sc_aggregation.py:1068] : Parallel aggregation futures collected: 21 out of 297
INFO - 2020-11-23 13:03:12,231 [sc_aggregation.py:1068] : Parallel aggregation futures collected: 22 out of 297
INFO - 2020-11-23 13:03:12,259 [sc_aggregation.py:1068] : Parallel aggregation futures collected: 23 out of 297
INFO - 2020-11-23 13:03:12,348 [sc_aggregation.py:1068] : Parallel aggregation futures collected: 24 out of 297
INFO - 2020-11-23 13:03:12,492 [sc_aggregation.py:1068] : Parallel aggregation futures collected: 25 out of 297
INFO - 2020-11-23 13:03:12,542 [sc_aggregation.py:1068] : Parallel aggregation futures collected: 26 out of 297
INFO - 2020-11-23 13:03:12,570 [sc_aggregation.py:1068] : Parallel aggregation futures collected: 27 out of 297
INFO - 2020-11-23 13:03:12,671 [sc_aggregation.py:1068] : Parallel aggregation futures collected: 28 out of 297
INFO - 2020-11-23 13:03:13,073 [sc_aggregation.py:1068] : Parallel aggregation futures collected: 29 out of 297
INFO - 2020-11-23 13:03:13,527 [sc_aggregation.py:1068] : Parallel aggregation futures collected: 30 out of 297
INFO - 2020-11-23 13:03:13,613 [sc_aggregation.py:1068] : Parallel aggregation futures collected: 31 out of 297
INFO - 2020-11-23 13:03:13,658 [sc_aggregation.py:1068] : Parallel aggregation futures collected: 32 out of 297
INFO - 2020-11-23 13:03:13,851 [sc_aggregation.py:1068] : Parallel aggregation futures collected: 33 out of 297
INFO - 2020-11-23 13:03:14,286 [sc_aggregation.py:1068] : Parallel aggregation futures collected: 34 out of 297
INFO - 2020-11-23 13:03:14,608 [sc_aggregation.py:1068] : Parallel aggregation futures collected: 35 out of 297
INFO - 2020-11-23 13:03:16,889 [sc_aggregation.py:1068] : Parallel aggregation futures collected: 36 out of 297
INFO - 2020-11-23 13:03:28,672 [sc_aggregation.py:1068] : Parallel aggregation futures collected: 37 out of 297
INFO - 2020-11-23 13:03:29,656 [sc_aggregation.py:1068] : Parallel aggregation futures collected: 38 out of 297
INFO - 2020-11-23 13:03:29,710 [sc_aggregation.py:1068] : Parallel aggregation futures collected: 39 out of 297
INFO - 2020-11-23 13:03:29,942 [sc_aggregation.py:1068] : Parallel aggregation futures collected: 40 out of 297
INFO - 2020-11-23 13:03:30,177 [sc_aggregation.py:1068] : Parallel aggregation futures collected: 41 out of 297
INFO - 2020-11-23 13:03:30,573 [sc_aggregation.py:1068] : Parallel aggregation futures collected: 42 out of 297
INFO - 2020-11-23 13:03:31,188 [sc_aggregation.py:1068] : Parallel aggregation futures collected: 43 out of 297
INFO - 2020-11-23 13:03:31,227 [sc_aggregation.py:1068] : Parallel aggregation futures collected: 44 out of 297
INFO - 2020-11-23 13:03:31,341 [sc_aggregation.py:1068] : Parallel aggregation futures collected: 45 out of 297
INFO - 2020-11-23 13:03:32,358 [sc_aggregation.py:1068] : Parallel aggregation futures collected: 46 out of 297
INFO - 2020-11-23 13:03:32,413 [sc_aggregation.py:1068] : Parallel aggregation futures collected: 47 out of 297
INFO - 2020-11-23 13:03:32,568 [sc_aggregation.py:1068] : Parallel aggregation futures collected: 48 out of 297
INFO - 2020-11-23 13:03:32,785 [sc_aggregation.py:1068] : Parallel aggregation futures collected: 49 out of 297
INFO - 2020-11-23 13:03:33,018 [sc_aggregation.py:1068] : Parallel aggregation futures collected: 50 out of 297
INFO - 2020-11-23 13:03:33,109 [sc_aggregation.py:1068] : Parallel aggregation futures collected: 51 out of 297
INFO - 2020-11-23 13:03:33,190 [sc_aggregation.py:1068] : Parallel aggregation futures collected: 52 out of 297
INFO - 2020-11-23 13:03:33,284 [sc_aggregation.py:1068] : Parallel aggregation futures collected: 53 out of 297
INFO - 2020-11-23 13:03:33,313 [sc_aggregation.py:1068] : Parallel aggregation futures collected: 54 out of 297
INFO - 2020-11-23 13:03:33,463 [sc_aggregation.py:1068] : Parallel aggregation futures collected: 55 out of 297
INFO - 2020-11-23 13:03:33,486 [sc_aggregation.py:1068] : Parallel aggregation futures collected: 56 out of 297
INFO - 2020-11-23 13:03:33,532 [sc_aggregation.py:1068] : Parallel aggregation futures collected: 57 out of 297
INFO - 2020-11-23 13:03:33,584 [sc_aggregation.py:1068] : Parallel aggregation futures collected: 58 out of 297
