INFO - 2019-11-20 12:40:23,555 [cli_gen.py:77] : Running reV 2.0 generation from config file: "/home/twillia2/github/revruns/runs/run_3/rpm_pv_urban_at1/config_gen.json"
INFO - 2019-11-20 12:40:23,555 [cli_gen.py:78] : Target output directory: "/home/twillia2/github/revruns/runs/run_3/rpm_pv_urban_at1/"
INFO - 2019-11-20 12:40:23,555 [cli_gen.py:79] : Target logging directory: "/home/twillia2/github/revruns/runs/run_3/rpm_pv_urban_at1/logs/"
INFO - 2019-11-20 12:40:23,555 [cli_gen.py:81] : The following project points were specified: "/home/twillia2/github/revruns/runs/run_3/rpm_pv_urban_at1/project_points.csv"
INFO - 2019-11-20 12:40:23,555 [cli_gen.py:84] : The following SAM configs are available to this run:
{   'default': '/home/twillia2/github/revruns/runs/run_3/rpm_pv_urban_at1/rpm_pv.json'}
INFO - 2019-11-20 12:40:23,565 [cli_gen.py:698] : Running reV generation on Eagle with node name "rpm_pv_urban_at1_gen_2012_00" for PointsControl for sites 76979 through 90261 (points range: [0, 24]).
INFO - 2019-11-20 12:40:27,567 [cli_gen.py:717] : Kicked off reV generation job "rpm_pv_urban_at1_gen_2012_00" (SLURM jobid #1780155) on Eagle.
INFO - 2019-11-20 12:40:27,569 [cli_gen.py:698] : Running reV generation on Eagle with node name "rpm_pv_urban_at1_gen_2012_01" for PointsControl for sites 76979 through 90261 (points range: [24, 48]).
INFO - 2019-11-20 12:40:27,620 [cli_gen.py:717] : Kicked off reV generation job "rpm_pv_urban_at1_gen_2012_01" (SLURM jobid #1780156) on Eagle.
INFO - 2019-11-20 12:40:27,622 [cli_gen.py:698] : Running reV generation on Eagle with node name "rpm_pv_urban_at1_gen_2012_02" for PointsControl for sites 76979 through 90261 (points range: [48, 72]).
INFO - 2019-11-20 12:40:27,677 [cli_gen.py:717] : Kicked off reV generation job "rpm_pv_urban_at1_gen_2012_02" (SLURM jobid #1780157) on Eagle.
INFO - 2019-11-20 12:40:27,678 [cli_gen.py:698] : Running reV generation on Eagle with node name "rpm_pv_urban_at1_gen_2012_03" for PointsControl for sites 76979 through 90261 (points range: [72, 96]).
INFO - 2019-11-20 12:40:27,729 [cli_gen.py:717] : Kicked off reV generation job "rpm_pv_urban_at1_gen_2012_03" (SLURM jobid #1780158) on Eagle.
INFO - 2019-11-20 12:40:27,731 [cli_gen.py:698] : Running reV generation on Eagle with node name "rpm_pv_urban_at1_gen_2012_04" for PointsControl for sites 76979 through 90261 (points range: [96, 120]).
INFO - 2019-11-20 12:40:27,829 [cli_gen.py:717] : Kicked off reV generation job "rpm_pv_urban_at1_gen_2012_04" (SLURM jobid #1780159) on Eagle.
INFO - 2019-11-20 12:40:27,831 [cli_gen.py:698] : Running reV generation on Eagle with node name "rpm_pv_urban_at1_gen_2012_05" for PointsControl for sites 76979 through 90261 (points range: [120, 144]).
INFO - 2019-11-20 12:40:27,884 [cli_gen.py:717] : Kicked off reV generation job "rpm_pv_urban_at1_gen_2012_05" (SLURM jobid #1780160) on Eagle.
INFO - 2019-11-20 12:40:27,886 [cli_gen.py:698] : Running reV generation on Eagle with node name "rpm_pv_urban_at1_gen_2012_06" for PointsControl for sites 76979 through 90261 (points range: [144, 168]).
INFO - 2019-11-20 12:40:27,936 [cli_gen.py:717] : Kicked off reV generation job "rpm_pv_urban_at1_gen_2012_06" (SLURM jobid #1780161) on Eagle.
INFO - 2019-11-20 12:40:27,938 [cli_gen.py:698] : Running reV generation on Eagle with node name "rpm_pv_urban_at1_gen_2012_07" for PointsControl for sites 76979 through 90261 (points range: [168, 192]).
INFO - 2019-11-20 12:40:27,994 [cli_gen.py:717] : Kicked off reV generation job "rpm_pv_urban_at1_gen_2012_07" (SLURM jobid #1780162) on Eagle.
INFO - 2019-11-20 12:40:27,996 [cli_gen.py:698] : Running reV generation on Eagle with node name "rpm_pv_urban_at1_gen_2012_08" for PointsControl for sites 76979 through 90261 (points range: [192, 216]).
INFO - 2019-11-20 12:40:30,106 [cli_gen.py:717] : Kicked off reV generation job "rpm_pv_urban_at1_gen_2012_08" (SLURM jobid #1780163) on Eagle.
INFO - 2019-11-20 12:40:30,108 [cli_gen.py:698] : Running reV generation on Eagle with node name "rpm_pv_urban_at1_gen_2012_09" for PointsControl for sites 76979 through 90261 (points range: [216, 233]).
INFO - 2019-11-20 12:40:30,161 [cli_gen.py:717] : Kicked off reV generation job "rpm_pv_urban_at1_gen_2012_09" (SLURM jobid #1780164) on Eagle.
