INFO - 2020-08-11 13:44:05,711 [cli_sc_aggregation.py:69] : Running reV supply curve aggregation from config file: "/scratch/twillia2/connections/connections_064/config_aggregation.json"
INFO - 2020-08-11 13:44:05,711 [cli_sc_aggregation.py:70] : Target output directory: "/scratch/twillia2/connections/connections_064"
INFO - 2020-08-11 13:44:05,711 [cli_sc_aggregation.py:71] : Target logging directory: "./logs/"
INFO - 2020-08-11 13:44:07,576 [cli_sc_aggregation.py:414] : Running reV SC aggregation on SLURM with node name "connections_064_agg"
INFO - 2020-08-11 13:44:10,907 [cli_sc_aggregation.py:432] : Kicked off reV SC aggregation job "connections_064_agg" (SLURM jobid #3946082).
INFO - 2020-08-11 15:04:55,319 [cli_sc_aggregation.py:69] : Running reV supply curve aggregation from config file: "/scratch/twillia2/connections/connections_064/config_aggregation.json"
INFO - 2020-08-11 15:04:55,319 [cli_sc_aggregation.py:70] : Target output directory: "/scratch/twillia2/connections/connections_064"
INFO - 2020-08-11 15:04:55,320 [cli_sc_aggregation.py:71] : Target logging directory: "./logs/"
INFO - 2020-08-11 15:04:57,030 [cli_sc_aggregation.py:414] : Running reV SC aggregation on SLURM with node name "connections_064_agg"
INFO - 2020-08-11 15:04:57,447 [cli_sc_aggregation.py:432] : Kicked off reV SC aggregation job "connections_064_agg" (SLURM jobid #3946581).
INFO - 2020-08-11 15:06:13,030 [sc_aggregation.py:860] : Running supply curve point aggregation for points 66 through 401172 at a resolution of 64 on None cores in 297 chunks.
INFO - 2020-08-11 15:06:22,031 [sc_aggregation.py:894] : Parallel aggregation futures collected: 1 out of 297
INFO - 2020-08-11 15:06:22,094 [sc_aggregation.py:894] : Parallel aggregation futures collected: 2 out of 297
INFO - 2020-08-11 15:06:22,156 [sc_aggregation.py:894] : Parallel aggregation futures collected: 3 out of 297
INFO - 2020-08-11 15:06:22,226 [sc_aggregation.py:894] : Parallel aggregation futures collected: 4 out of 297
INFO - 2020-08-11 15:06:22,281 [sc_aggregation.py:894] : Parallel aggregation futures collected: 5 out of 297
INFO - 2020-08-11 15:06:22,303 [sc_aggregation.py:894] : Parallel aggregation futures collected: 6 out of 297
INFO - 2020-08-11 15:06:22,333 [sc_aggregation.py:894] : Parallel aggregation futures collected: 7 out of 297
INFO - 2020-08-11 15:06:22,356 [sc_aggregation.py:894] : Parallel aggregation futures collected: 8 out of 297
INFO - 2020-08-11 15:06:22,356 [sc_aggregation.py:894] : Parallel aggregation futures collected: 9 out of 297
INFO - 2020-08-11 15:06:22,400 [sc_aggregation.py:894] : Parallel aggregation futures collected: 10 out of 297
INFO - 2020-08-11 15:06:22,400 [sc_aggregation.py:894] : Parallel aggregation futures collected: 11 out of 297
INFO - 2020-08-11 15:06:22,401 [sc_aggregation.py:894] : Parallel aggregation futures collected: 12 out of 297
INFO - 2020-08-11 15:06:22,418 [sc_aggregation.py:894] : Parallel aggregation futures collected: 13 out of 297
INFO - 2020-08-11 15:06:22,483 [sc_aggregation.py:894] : Parallel aggregation futures collected: 14 out of 297
INFO - 2020-08-11 15:06:22,484 [sc_aggregation.py:894] : Parallel aggregation futures collected: 15 out of 297
INFO - 2020-08-11 15:06:22,534 [sc_aggregation.py:894] : Parallel aggregation futures collected: 16 out of 297
INFO - 2020-08-11 15:06:22,542 [sc_aggregation.py:894] : Parallel aggregation futures collected: 17 out of 297
INFO - 2020-08-11 15:06:22,564 [sc_aggregation.py:894] : Parallel aggregation futures collected: 18 out of 297
INFO - 2020-08-11 15:06:22,564 [sc_aggregation.py:894] : Parallel aggregation futures collected: 19 out of 297
INFO - 2020-08-11 15:06:22,582 [sc_aggregation.py:894] : Parallel aggregation futures collected: 20 out of 297
INFO - 2020-08-11 15:06:22,605 [sc_aggregation.py:894] : Parallel aggregation futures collected: 21 out of 297
INFO - 2020-08-11 15:06:22,624 [sc_aggregation.py:894] : Parallel aggregation futures collected: 22 out of 297
INFO - 2020-08-11 15:06:22,625 [sc_aggregation.py:894] : Parallel aggregation futures collected: 23 out of 297
INFO - 2020-08-11 15:06:22,647 [sc_aggregation.py:894] : Parallel aggregation futures collected: 24 out of 297
INFO - 2020-08-11 15:06:22,684 [sc_aggregation.py:894] : Parallel aggregation futures collected: 25 out of 297
INFO - 2020-08-11 15:06:22,704 [sc_aggregation.py:894] : Parallel aggregation futures collected: 26 out of 297
INFO - 2020-08-11 15:06:22,724 [sc_aggregation.py:894] : Parallel aggregation futures collected: 27 out of 297
INFO - 2020-08-11 15:06:22,767 [sc_aggregation.py:894] : Parallel aggregation futures collected: 28 out of 297
INFO - 2020-08-11 15:06:22,772 [sc_aggregation.py:894] : Parallel aggregation futures collected: 29 out of 297
INFO - 2020-08-11 15:06:22,789 [sc_aggregation.py:894] : Parallel aggregation futures collected: 30 out of 297
INFO - 2020-08-11 15:06:22,836 [sc_aggregation.py:894] : Parallel aggregation futures collected: 31 out of 297
INFO - 2020-08-11 15:06:22,896 [sc_aggregation.py:894] : Parallel aggregation futures collected: 32 out of 297
INFO - 2020-08-11 15:06:22,922 [sc_aggregation.py:894] : Parallel aggregation futures collected: 33 out of 297
INFO - 2020-08-11 15:06:22,998 [sc_aggregation.py:894] : Parallel aggregation futures collected: 34 out of 297
INFO - 2020-08-11 15:06:23,037 [sc_aggregation.py:894] : Parallel aggregation futures collected: 35 out of 297
INFO - 2020-08-11 15:06:23,203 [sc_aggregation.py:894] : Parallel aggregation futures collected: 36 out of 297
INFO - 2020-08-11 15:06:25,671 [sc_aggregation.py:894] : Parallel aggregation futures collected: 37 out of 297
INFO - 2020-08-11 15:06:25,794 [sc_aggregation.py:894] : Parallel aggregation futures collected: 38 out of 297
INFO - 2020-08-11 15:06:25,912 [sc_aggregation.py:894] : Parallel aggregation futures collected: 39 out of 297
INFO - 2020-08-11 15:06:25,998 [sc_aggregation.py:894] : Parallel aggregation futures collected: 40 out of 297
INFO - 2020-08-11 15:06:26,074 [sc_aggregation.py:894] : Parallel aggregation futures collected: 41 out of 297
INFO - 2020-08-11 15:06:26,095 [sc_aggregation.py:894] : Parallel aggregation futures collected: 42 out of 297
INFO - 2020-08-11 15:06:26,134 [sc_aggregation.py:894] : Parallel aggregation futures collected: 43 out of 297
INFO - 2020-08-11 15:06:26,187 [sc_aggregation.py:894] : Parallel aggregation futures collected: 44 out of 297
INFO - 2020-08-11 15:06:26,210 [sc_aggregation.py:894] : Parallel aggregation futures collected: 45 out of 297
INFO - 2020-08-11 15:06:26,228 [sc_aggregation.py:894] : Parallel aggregation futures collected: 46 out of 297
INFO - 2020-08-11 15:06:26,279 [sc_aggregation.py:894] : Parallel aggregation futures collected: 47 out of 297
INFO - 2020-08-11 15:06:26,353 [sc_aggregation.py:894] : Parallel aggregation futures collected: 48 out of 297
INFO - 2020-08-11 15:06:26,356 [sc_aggregation.py:894] : Parallel aggregation futures collected: 49 out of 297
INFO - 2020-08-11 15:06:26,399 [sc_aggregation.py:894] : Parallel aggregation futures collected: 50 out of 297
INFO - 2020-08-11 15:06:26,399 [sc_aggregation.py:894] : Parallel aggregation futures collected: 51 out of 297
INFO - 2020-08-11 15:06:26,419 [sc_aggregation.py:894] : Parallel aggregation futures collected: 52 out of 297
INFO - 2020-08-11 15:06:26,419 [sc_aggregation.py:894] : Parallel aggregation futures collected: 53 out of 297
INFO - 2020-08-11 15:06:26,442 [sc_aggregation.py:894] : Parallel aggregation futures collected: 54 out of 297
INFO - 2020-08-11 15:06:26,442 [sc_aggregation.py:894] : Parallel aggregation futures collected: 55 out of 297
INFO - 2020-08-11 15:06:26,529 [sc_aggregation.py:894] : Parallel aggregation futures collected: 56 out of 297
INFO - 2020-08-11 15:06:26,530 [sc_aggregation.py:894] : Parallel aggregation futures collected: 57 out of 297
INFO - 2020-08-11 15:06:26,551 [sc_aggregation.py:894] : Parallel aggregation futures collected: 58 out of 297
INFO - 2020-08-11 15:06:26,630 [sc_aggregation.py:894] : Parallel aggregation futures collected: 59 out of 297
INFO - 2020-08-11 15:06:26,729 [sc_aggregation.py:894] : Parallel aggregation futures collected: 60 out of 297
INFO - 2020-08-11 15:06:26,754 [sc_aggregation.py:894] : Parallel aggregation futures collected: 61 out of 297
INFO - 2020-08-11 15:06:26,778 [sc_aggregation.py:894] : Parallel aggregation futures collected: 62 out of 297
INFO - 2020-08-11 15:06:26,778 [sc_aggregation.py:894] : Parallel aggregation futures collected: 63 out of 297
INFO - 2020-08-11 15:06:26,799 [sc_aggregation.py:894] : Parallel aggregation futures collected: 64 out of 297
INFO - 2020-08-11 15:06:26,937 [sc_aggregation.py:894] : Parallel aggregation futures collected: 65 out of 297
INFO - 2020-08-11 15:06:26,955 [sc_aggregation.py:894] : Parallel aggregation futures collected: 66 out of 297
INFO - 2020-08-11 15:06:26,984 [sc_aggregation.py:894] : Parallel aggregation futures collected: 67 out of 297
INFO - 2020-08-11 15:06:27,005 [sc_aggregation.py:894] : Parallel aggregation futures collected: 68 out of 297
INFO - 2020-08-11 15:06:27,024 [sc_aggregation.py:894] : Parallel aggregation futures collected: 69 out of 297
INFO - 2020-08-11 15:06:27,165 [sc_aggregation.py:894] : Parallel aggregation futures collected: 70 out of 297
INFO - 2020-08-11 15:06:27,185 [sc_aggregation.py:894] : Parallel aggregation futures collected: 71 out of 297
INFO - 2020-08-11 15:06:27,213 [sc_aggregation.py:894] : Parallel aggregation futures collected: 72 out of 297
INFO - 2020-08-11 15:06:29,339 [sc_aggregation.py:894] : Parallel aggregation futures collected: 73 out of 297
INFO - 2020-08-11 15:06:29,429 [sc_aggregation.py:894] : Parallel aggregation futures collected: 74 out of 297
INFO - 2020-08-11 15:06:29,452 [sc_aggregation.py:894] : Parallel aggregation futures collected: 75 out of 297
INFO - 2020-08-11 15:06:29,709 [sc_aggregation.py:894] : Parallel aggregation futures collected: 76 out of 297
INFO - 2020-08-11 15:06:29,832 [sc_aggregation.py:894] : Parallel aggregation futures collected: 77 out of 297
INFO - 2020-08-11 15:06:29,873 [sc_aggregation.py:894] : Parallel aggregation futures collected: 78 out of 297
INFO - 2020-08-11 15:06:29,873 [sc_aggregation.py:894] : Parallel aggregation futures collected: 79 out of 297
INFO - 2020-08-11 15:06:29,909 [sc_aggregation.py:894] : Parallel aggregation futures collected: 80 out of 297
INFO - 2020-08-11 15:06:30,062 [sc_aggregation.py:894] : Parallel aggregation futures collected: 81 out of 297
INFO - 2020-08-11 15:06:30,097 [sc_aggregation.py:894] : Parallel aggregation futures collected: 82 out of 297
INFO - 2020-08-11 15:06:30,131 [sc_aggregation.py:894] : Parallel aggregation futures collected: 83 out of 297
INFO - 2020-08-11 15:06:30,274 [sc_aggregation.py:894] : Parallel aggregation futures collected: 84 out of 297
INFO - 2020-08-11 15:06:30,292 [sc_aggregation.py:894] : Parallel aggregation futures collected: 85 out of 297
INFO - 2020-08-11 15:06:30,316 [sc_aggregation.py:894] : Parallel aggregation futures collected: 86 out of 297
INFO - 2020-08-11 15:06:30,371 [sc_aggregation.py:894] : Parallel aggregation futures collected: 87 out of 297
INFO - 2020-08-11 15:06:30,376 [sc_aggregation.py:894] : Parallel aggregation futures collected: 88 out of 297
INFO - 2020-08-11 15:06:30,440 [sc_aggregation.py:894] : Parallel aggregation futures collected: 89 out of 297
INFO - 2020-08-11 15:06:30,537 [sc_aggregation.py:894] : Parallel aggregation futures collected: 90 out of 297
INFO - 2020-08-11 15:06:30,598 [sc_aggregation.py:894] : Parallel aggregation futures collected: 91 out of 297
INFO - 2020-08-11 15:06:30,641 [sc_aggregation.py:894] : Parallel aggregation futures collected: 92 out of 297
INFO - 2020-08-11 15:06:30,662 [sc_aggregation.py:894] : Parallel aggregation futures collected: 93 out of 297
INFO - 2020-08-11 15:06:30,683 [sc_aggregation.py:894] : Parallel aggregation futures collected: 94 out of 297
INFO - 2020-08-11 15:06:30,690 [sc_aggregation.py:894] : Parallel aggregation futures collected: 95 out of 297
INFO - 2020-08-11 15:06:30,711 [sc_aggregation.py:894] : Parallel aggregation futures collected: 96 out of 297
INFO - 2020-08-11 15:06:30,764 [sc_aggregation.py:894] : Parallel aggregation futures collected: 97 out of 297
INFO - 2020-08-11 15:06:30,790 [sc_aggregation.py:894] : Parallel aggregation futures collected: 98 out of 297
INFO - 2020-08-11 15:06:30,815 [sc_aggregation.py:894] : Parallel aggregation futures collected: 99 out of 297
INFO - 2020-08-11 15:06:30,849 [sc_aggregation.py:894] : Parallel aggregation futures collected: 100 out of 297
INFO - 2020-08-11 15:06:30,959 [sc_aggregation.py:894] : Parallel aggregation futures collected: 101 out of 297
INFO - 2020-08-11 15:06:30,982 [sc_aggregation.py:894] : Parallel aggregation futures collected: 102 out of 297
INFO - 2020-08-11 15:06:30,982 [sc_aggregation.py:894] : Parallel aggregation futures collected: 103 out of 297
INFO - 2020-08-11 15:06:31,032 [sc_aggregation.py:894] : Parallel aggregation futures collected: 104 out of 297
INFO - 2020-08-11 15:06:31,140 [sc_aggregation.py:894] : Parallel aggregation futures collected: 105 out of 297
INFO - 2020-08-11 15:06:31,378 [sc_aggregation.py:894] : Parallel aggregation futures collected: 106 out of 297
INFO - 2020-08-11 15:06:31,430 [sc_aggregation.py:894] : Parallel aggregation futures collected: 107 out of 297
INFO - 2020-08-11 15:06:31,730 [sc_aggregation.py:894] : Parallel aggregation futures collected: 108 out of 297
INFO - 2020-08-11 15:06:32,995 [sc_aggregation.py:894] : Parallel aggregation futures collected: 109 out of 297
INFO - 2020-08-11 15:06:33,014 [sc_aggregation.py:894] : Parallel aggregation futures collected: 110 out of 297
INFO - 2020-08-11 15:06:33,097 [sc_aggregation.py:894] : Parallel aggregation futures collected: 111 out of 297
INFO - 2020-08-11 15:06:33,432 [sc_aggregation.py:894] : Parallel aggregation futures collected: 112 out of 297
INFO - 2020-08-11 15:06:33,477 [sc_aggregation.py:894] : Parallel aggregation futures collected: 113 out of 297
INFO - 2020-08-11 15:06:33,601 [sc_aggregation.py:894] : Parallel aggregation futures collected: 114 out of 297
INFO - 2020-08-11 15:06:33,656 [sc_aggregation.py:894] : Parallel aggregation futures collected: 115 out of 297
INFO - 2020-08-11 15:06:33,787 [sc_aggregation.py:894] : Parallel aggregation futures collected: 116 out of 297
INFO - 2020-08-11 15:06:33,818 [sc_aggregation.py:894] : Parallel aggregation futures collected: 117 out of 297
INFO - 2020-08-11 15:06:33,839 [sc_aggregation.py:894] : Parallel aggregation futures collected: 118 out of 297
INFO - 2020-08-11 15:06:33,882 [sc_aggregation.py:894] : Parallel aggregation futures collected: 119 out of 297
INFO - 2020-08-11 15:06:34,088 [sc_aggregation.py:894] : Parallel aggregation futures collected: 120 out of 297
INFO - 2020-08-11 15:06:34,137 [sc_aggregation.py:894] : Parallel aggregation futures collected: 121 out of 297
INFO - 2020-08-11 15:06:34,395 [sc_aggregation.py:894] : Parallel aggregation futures collected: 122 out of 297
INFO - 2020-08-11 15:06:34,415 [sc_aggregation.py:894] : Parallel aggregation futures collected: 123 out of 297
INFO - 2020-08-11 15:06:34,512 [sc_aggregation.py:894] : Parallel aggregation futures collected: 124 out of 297
INFO - 2020-08-11 15:06:34,574 [sc_aggregation.py:894] : Parallel aggregation futures collected: 125 out of 297
INFO - 2020-08-11 15:06:34,622 [sc_aggregation.py:894] : Parallel aggregation futures collected: 126 out of 297
INFO - 2020-08-11 15:06:34,734 [sc_aggregation.py:894] : Parallel aggregation futures collected: 127 out of 297
INFO - 2020-08-11 15:06:34,761 [sc_aggregation.py:894] : Parallel aggregation futures collected: 128 out of 297
INFO - 2020-08-11 15:06:34,793 [sc_aggregation.py:894] : Parallel aggregation futures collected: 129 out of 297
INFO - 2020-08-11 15:06:34,818 [sc_aggregation.py:894] : Parallel aggregation futures collected: 130 out of 297
INFO - 2020-08-11 15:06:34,818 [sc_aggregation.py:894] : Parallel aggregation futures collected: 131 out of 297
INFO - 2020-08-11 15:06:34,918 [sc_aggregation.py:894] : Parallel aggregation futures collected: 132 out of 297
INFO - 2020-08-11 15:06:34,949 [sc_aggregation.py:894] : Parallel aggregation futures collected: 133 out of 297
INFO - 2020-08-11 15:06:35,015 [sc_aggregation.py:894] : Parallel aggregation futures collected: 134 out of 297
INFO - 2020-08-11 15:06:35,038 [sc_aggregation.py:894] : Parallel aggregation futures collected: 135 out of 297
INFO - 2020-08-11 15:06:35,113 [sc_aggregation.py:894] : Parallel aggregation futures collected: 136 out of 297
INFO - 2020-08-11 15:06:35,159 [sc_aggregation.py:894] : Parallel aggregation futures collected: 137 out of 297
INFO - 2020-08-11 15:06:35,207 [sc_aggregation.py:894] : Parallel aggregation futures collected: 138 out of 297
INFO - 2020-08-11 15:06:35,211 [sc_aggregation.py:894] : Parallel aggregation futures collected: 139 out of 297
INFO - 2020-08-11 15:06:35,345 [sc_aggregation.py:894] : Parallel aggregation futures collected: 140 out of 297
INFO - 2020-08-11 15:06:35,367 [sc_aggregation.py:894] : Parallel aggregation futures collected: 141 out of 297
INFO - 2020-08-11 15:06:35,764 [sc_aggregation.py:894] : Parallel aggregation futures collected: 142 out of 297
INFO - 2020-08-11 15:06:35,816 [sc_aggregation.py:894] : Parallel aggregation futures collected: 143 out of 297
INFO - 2020-08-11 15:06:36,299 [sc_aggregation.py:894] : Parallel aggregation futures collected: 144 out of 297
INFO - 2020-08-11 15:06:36,799 [sc_aggregation.py:894] : Parallel aggregation futures collected: 145 out of 297
INFO - 2020-08-11 15:06:37,149 [sc_aggregation.py:894] : Parallel aggregation futures collected: 146 out of 297
INFO - 2020-08-11 15:06:37,334 [sc_aggregation.py:894] : Parallel aggregation futures collected: 147 out of 297
INFO - 2020-08-11 15:06:37,446 [sc_aggregation.py:894] : Parallel aggregation futures collected: 148 out of 297
INFO - 2020-08-11 15:06:37,594 [sc_aggregation.py:894] : Parallel aggregation futures collected: 149 out of 297
INFO - 2020-08-11 15:06:37,696 [sc_aggregation.py:894] : Parallel aggregation futures collected: 150 out of 297
INFO - 2020-08-11 15:06:37,741 [sc_aggregation.py:894] : Parallel aggregation futures collected: 151 out of 297
INFO - 2020-08-11 15:06:37,795 [sc_aggregation.py:894] : Parallel aggregation futures collected: 152 out of 297
INFO - 2020-08-11 15:06:37,838 [sc_aggregation.py:894] : Parallel aggregation futures collected: 153 out of 297
INFO - 2020-08-11 15:06:37,858 [sc_aggregation.py:894] : Parallel aggregation futures collected: 154 out of 297
INFO - 2020-08-11 15:06:37,964 [sc_aggregation.py:894] : Parallel aggregation futures collected: 155 out of 297
INFO - 2020-08-11 15:06:38,147 [sc_aggregation.py:894] : Parallel aggregation futures collected: 156 out of 297
INFO - 2020-08-11 15:06:38,204 [sc_aggregation.py:894] : Parallel aggregation futures collected: 157 out of 297
INFO - 2020-08-11 15:06:38,346 [sc_aggregation.py:894] : Parallel aggregation futures collected: 158 out of 297
INFO - 2020-08-11 15:06:38,546 [sc_aggregation.py:894] : Parallel aggregation futures collected: 159 out of 297
INFO - 2020-08-11 15:06:38,577 [sc_aggregation.py:894] : Parallel aggregation futures collected: 160 out of 297
INFO - 2020-08-11 15:06:38,720 [sc_aggregation.py:894] : Parallel aggregation futures collected: 161 out of 297
INFO - 2020-08-11 15:06:38,720 [sc_aggregation.py:894] : Parallel aggregation futures collected: 162 out of 297
INFO - 2020-08-11 15:06:38,720 [sc_aggregation.py:894] : Parallel aggregation futures collected: 163 out of 297
INFO - 2020-08-11 15:06:38,793 [sc_aggregation.py:894] : Parallel aggregation futures collected: 164 out of 297
INFO - 2020-08-11 15:06:38,814 [sc_aggregation.py:894] : Parallel aggregation futures collected: 165 out of 297
INFO - 2020-08-11 15:06:38,837 [sc_aggregation.py:894] : Parallel aggregation futures collected: 166 out of 297
INFO - 2020-08-11 15:06:38,856 [sc_aggregation.py:894] : Parallel aggregation futures collected: 167 out of 297
INFO - 2020-08-11 15:06:38,890 [sc_aggregation.py:894] : Parallel aggregation futures collected: 168 out of 297
INFO - 2020-08-11 15:06:38,923 [sc_aggregation.py:894] : Parallel aggregation futures collected: 169 out of 297
INFO - 2020-08-11 15:06:38,991 [sc_aggregation.py:894] : Parallel aggregation futures collected: 170 out of 297
INFO - 2020-08-11 15:06:39,012 [sc_aggregation.py:894] : Parallel aggregation futures collected: 171 out of 297
INFO - 2020-08-11 15:06:39,114 [sc_aggregation.py:894] : Parallel aggregation futures collected: 172 out of 297
INFO - 2020-08-11 15:06:39,235 [sc_aggregation.py:894] : Parallel aggregation futures collected: 173 out of 297
INFO - 2020-08-11 15:06:39,236 [sc_aggregation.py:894] : Parallel aggregation futures collected: 174 out of 297
INFO - 2020-08-11 15:06:39,501 [sc_aggregation.py:894] : Parallel aggregation futures collected: 175 out of 297
INFO - 2020-08-11 15:06:39,603 [sc_aggregation.py:894] : Parallel aggregation futures collected: 176 out of 297
INFO - 2020-08-11 15:06:39,682 [sc_aggregation.py:894] : Parallel aggregation futures collected: 177 out of 297
INFO - 2020-08-11 15:06:39,781 [sc_aggregation.py:894] : Parallel aggregation futures collected: 178 out of 297
INFO - 2020-08-11 15:06:40,156 [sc_aggregation.py:894] : Parallel aggregation futures collected: 179 out of 297
INFO - 2020-08-11 15:06:40,407 [sc_aggregation.py:894] : Parallel aggregation futures collected: 180 out of 297
INFO - 2020-08-11 15:06:40,695 [sc_aggregation.py:894] : Parallel aggregation futures collected: 181 out of 297
INFO - 2020-08-11 15:06:40,841 [sc_aggregation.py:894] : Parallel aggregation futures collected: 182 out of 297
INFO - 2020-08-11 15:06:41,083 [sc_aggregation.py:894] : Parallel aggregation futures collected: 183 out of 297
INFO - 2020-08-11 15:06:41,235 [sc_aggregation.py:894] : Parallel aggregation futures collected: 184 out of 297
INFO - 2020-08-11 15:06:41,303 [sc_aggregation.py:894] : Parallel aggregation futures collected: 185 out of 297
INFO - 2020-08-11 15:06:41,478 [sc_aggregation.py:894] : Parallel aggregation futures collected: 186 out of 297
INFO - 2020-08-11 15:06:41,549 [sc_aggregation.py:894] : Parallel aggregation futures collected: 187 out of 297
INFO - 2020-08-11 15:06:41,571 [sc_aggregation.py:894] : Parallel aggregation futures collected: 188 out of 297
INFO - 2020-08-11 15:06:41,645 [sc_aggregation.py:894] : Parallel aggregation futures collected: 189 out of 297
INFO - 2020-08-11 15:06:42,041 [sc_aggregation.py:894] : Parallel aggregation futures collected: 190 out of 297
INFO - 2020-08-11 15:06:42,129 [sc_aggregation.py:894] : Parallel aggregation futures collected: 191 out of 297
INFO - 2020-08-11 15:06:42,165 [sc_aggregation.py:894] : Parallel aggregation futures collected: 192 out of 297
INFO - 2020-08-11 15:06:42,242 [sc_aggregation.py:894] : Parallel aggregation futures collected: 193 out of 297
INFO - 2020-08-11 15:06:42,262 [sc_aggregation.py:894] : Parallel aggregation futures collected: 194 out of 297
INFO - 2020-08-11 15:06:42,375 [sc_aggregation.py:894] : Parallel aggregation futures collected: 195 out of 297
INFO - 2020-08-11 15:06:42,446 [sc_aggregation.py:894] : Parallel aggregation futures collected: 196 out of 297
INFO - 2020-08-11 15:06:42,467 [sc_aggregation.py:894] : Parallel aggregation futures collected: 197 out of 297
INFO - 2020-08-11 15:06:42,545 [sc_aggregation.py:894] : Parallel aggregation futures collected: 198 out of 297
INFO - 2020-08-11 15:06:42,569 [sc_aggregation.py:894] : Parallel aggregation futures collected: 199 out of 297
INFO - 2020-08-11 15:06:42,699 [sc_aggregation.py:894] : Parallel aggregation futures collected: 200 out of 297
INFO - 2020-08-11 15:06:42,717 [sc_aggregation.py:894] : Parallel aggregation futures collected: 201 out of 297
INFO - 2020-08-11 15:06:42,791 [sc_aggregation.py:894] : Parallel aggregation futures collected: 202 out of 297
INFO - 2020-08-11 15:06:43,108 [sc_aggregation.py:894] : Parallel aggregation futures collected: 203 out of 297
INFO - 2020-08-11 15:06:43,305 [sc_aggregation.py:894] : Parallel aggregation futures collected: 204 out of 297
INFO - 2020-08-11 15:06:43,367 [sc_aggregation.py:894] : Parallel aggregation futures collected: 205 out of 297
INFO - 2020-08-11 15:06:43,883 [sc_aggregation.py:894] : Parallel aggregation futures collected: 206 out of 297
INFO - 2020-08-11 15:06:44,187 [sc_aggregation.py:894] : Parallel aggregation futures collected: 207 out of 297
INFO - 2020-08-11 15:06:44,216 [sc_aggregation.py:894] : Parallel aggregation futures collected: 208 out of 297
INFO - 2020-08-11 15:06:44,298 [sc_aggregation.py:894] : Parallel aggregation futures collected: 209 out of 297
INFO - 2020-08-11 15:06:44,446 [sc_aggregation.py:894] : Parallel aggregation futures collected: 210 out of 297
INFO - 2020-08-11 15:06:44,569 [sc_aggregation.py:894] : Parallel aggregation futures collected: 211 out of 297
INFO - 2020-08-11 15:06:45,005 [sc_aggregation.py:894] : Parallel aggregation futures collected: 212 out of 297
INFO - 2020-08-11 15:06:45,401 [sc_aggregation.py:894] : Parallel aggregation futures collected: 213 out of 297
INFO - 2020-08-11 15:06:45,462 [sc_aggregation.py:894] : Parallel aggregation futures collected: 214 out of 297
INFO - 2020-08-11 15:06:45,663 [sc_aggregation.py:894] : Parallel aggregation futures collected: 215 out of 297
INFO - 2020-08-11 15:06:45,711 [sc_aggregation.py:894] : Parallel aggregation futures collected: 216 out of 297
INFO - 2020-08-11 15:06:46,165 [sc_aggregation.py:894] : Parallel aggregation futures collected: 217 out of 297
INFO - 2020-08-11 15:06:46,291 [sc_aggregation.py:894] : Parallel aggregation futures collected: 218 out of 297
INFO - 2020-08-11 15:06:46,313 [sc_aggregation.py:894] : Parallel aggregation futures collected: 219 out of 297
INFO - 2020-08-11 15:06:46,374 [sc_aggregation.py:894] : Parallel aggregation futures collected: 220 out of 297
INFO - 2020-08-11 15:06:46,410 [sc_aggregation.py:894] : Parallel aggregation futures collected: 221 out of 297
INFO - 2020-08-11 15:06:46,672 [sc_aggregation.py:894] : Parallel aggregation futures collected: 222 out of 297
INFO - 2020-08-11 15:06:46,844 [sc_aggregation.py:894] : Parallel aggregation futures collected: 223 out of 297
INFO - 2020-08-11 15:06:47,059 [sc_aggregation.py:894] : Parallel aggregation futures collected: 224 out of 297
INFO - 2020-08-11 15:06:47,305 [sc_aggregation.py:894] : Parallel aggregation futures collected: 225 out of 297
INFO - 2020-08-11 15:06:47,432 [sc_aggregation.py:894] : Parallel aggregation futures collected: 226 out of 297
INFO - 2020-08-11 15:06:47,456 [sc_aggregation.py:894] : Parallel aggregation futures collected: 227 out of 297
INFO - 2020-08-11 15:06:47,828 [sc_aggregation.py:894] : Parallel aggregation futures collected: 228 out of 297
INFO - 2020-08-11 15:06:47,964 [sc_aggregation.py:894] : Parallel aggregation futures collected: 229 out of 297
INFO - 2020-08-11 15:06:48,005 [sc_aggregation.py:894] : Parallel aggregation futures collected: 230 out of 297
INFO - 2020-08-11 15:06:48,024 [sc_aggregation.py:894] : Parallel aggregation futures collected: 231 out of 297
INFO - 2020-08-11 15:06:48,054 [sc_aggregation.py:894] : Parallel aggregation futures collected: 232 out of 297
INFO - 2020-08-11 15:06:48,105 [sc_aggregation.py:894] : Parallel aggregation futures collected: 233 out of 297
INFO - 2020-08-11 15:06:48,128 [sc_aggregation.py:894] : Parallel aggregation futures collected: 234 out of 297
INFO - 2020-08-11 15:06:48,575 [sc_aggregation.py:894] : Parallel aggregation futures collected: 235 out of 297
INFO - 2020-08-11 15:06:48,716 [sc_aggregation.py:894] : Parallel aggregation futures collected: 236 out of 297
INFO - 2020-08-11 15:06:49,181 [sc_aggregation.py:894] : Parallel aggregation futures collected: 237 out of 297
INFO - 2020-08-11 15:06:49,205 [sc_aggregation.py:894] : Parallel aggregation futures collected: 238 out of 297
INFO - 2020-08-11 15:06:49,225 [sc_aggregation.py:894] : Parallel aggregation futures collected: 239 out of 297
INFO - 2020-08-11 15:06:49,593 [sc_aggregation.py:894] : Parallel aggregation futures collected: 240 out of 297
INFO - 2020-08-11 15:06:49,683 [sc_aggregation.py:894] : Parallel aggregation futures collected: 241 out of 297
INFO - 2020-08-11 15:06:49,951 [sc_aggregation.py:894] : Parallel aggregation futures collected: 242 out of 297
INFO - 2020-08-11 15:06:50,333 [sc_aggregation.py:894] : Parallel aggregation futures collected: 243 out of 297
INFO - 2020-08-11 15:06:50,973 [sc_aggregation.py:894] : Parallel aggregation futures collected: 244 out of 297
INFO - 2020-08-11 15:06:51,199 [sc_aggregation.py:894] : Parallel aggregation futures collected: 245 out of 297
INFO - 2020-08-11 15:06:51,220 [sc_aggregation.py:894] : Parallel aggregation futures collected: 246 out of 297
INFO - 2020-08-11 15:06:51,294 [sc_aggregation.py:894] : Parallel aggregation futures collected: 247 out of 297
INFO - 2020-08-11 15:06:51,387 [sc_aggregation.py:894] : Parallel aggregation futures collected: 248 out of 297
INFO - 2020-08-11 15:06:51,446 [sc_aggregation.py:894] : Parallel aggregation futures collected: 249 out of 297
INFO - 2020-08-11 15:06:51,546 [sc_aggregation.py:894] : Parallel aggregation futures collected: 250 out of 297
INFO - 2020-08-11 15:06:51,629 [sc_aggregation.py:894] : Parallel aggregation futures collected: 251 out of 297
INFO - 2020-08-11 15:06:51,676 [sc_aggregation.py:894] : Parallel aggregation futures collected: 252 out of 297
INFO - 2020-08-11 15:06:51,703 [sc_aggregation.py:894] : Parallel aggregation futures collected: 253 out of 297
INFO - 2020-08-11 15:06:51,794 [sc_aggregation.py:894] : Parallel aggregation futures collected: 254 out of 297
INFO - 2020-08-11 15:06:51,824 [sc_aggregation.py:894] : Parallel aggregation futures collected: 255 out of 297
INFO - 2020-08-11 15:06:52,023 [sc_aggregation.py:894] : Parallel aggregation futures collected: 256 out of 297
INFO - 2020-08-11 15:06:52,026 [sc_aggregation.py:894] : Parallel aggregation futures collected: 257 out of 297
INFO - 2020-08-11 15:06:52,065 [sc_aggregation.py:894] : Parallel aggregation futures collected: 258 out of 297
INFO - 2020-08-11 15:06:52,091 [sc_aggregation.py:894] : Parallel aggregation futures collected: 259 out of 297
INFO - 2020-08-11 15:06:52,329 [sc_aggregation.py:894] : Parallel aggregation futures collected: 260 out of 297
INFO - 2020-08-11 15:06:52,350 [sc_aggregation.py:894] : Parallel aggregation futures collected: 261 out of 297
INFO - 2020-08-11 15:06:52,410 [sc_aggregation.py:894] : Parallel aggregation futures collected: 262 out of 297
INFO - 2020-08-11 15:06:52,514 [sc_aggregation.py:894] : Parallel aggregation futures collected: 263 out of 297
INFO - 2020-08-11 15:06:52,664 [sc_aggregation.py:894] : Parallel aggregation futures collected: 264 out of 297
INFO - 2020-08-11 15:06:52,759 [sc_aggregation.py:894] : Parallel aggregation futures collected: 265 out of 297
INFO - 2020-08-11 15:06:52,808 [sc_aggregation.py:894] : Parallel aggregation futures collected: 266 out of 297
INFO - 2020-08-11 15:06:52,859 [sc_aggregation.py:894] : Parallel aggregation futures collected: 267 out of 297
INFO - 2020-08-11 15:06:52,862 [sc_aggregation.py:894] : Parallel aggregation futures collected: 268 out of 297
INFO - 2020-08-11 15:06:52,897 [sc_aggregation.py:894] : Parallel aggregation futures collected: 269 out of 297
INFO - 2020-08-11 15:06:52,928 [sc_aggregation.py:894] : Parallel aggregation futures collected: 270 out of 297
INFO - 2020-08-11 15:06:52,930 [sc_aggregation.py:894] : Parallel aggregation futures collected: 271 out of 297
INFO - 2020-08-11 15:06:53,056 [sc_aggregation.py:894] : Parallel aggregation futures collected: 272 out of 297
INFO - 2020-08-11 15:06:53,334 [sc_aggregation.py:894] : Parallel aggregation futures collected: 273 out of 297
INFO - 2020-08-11 15:06:53,364 [sc_aggregation.py:894] : Parallel aggregation futures collected: 274 out of 297
INFO - 2020-08-11 15:06:53,449 [sc_aggregation.py:894] : Parallel aggregation futures collected: 275 out of 297
INFO - 2020-08-11 15:06:53,492 [sc_aggregation.py:894] : Parallel aggregation futures collected: 276 out of 297
INFO - 2020-08-11 15:06:53,536 [sc_aggregation.py:894] : Parallel aggregation futures collected: 277 out of 297
INFO - 2020-08-11 15:06:53,588 [sc_aggregation.py:894] : Parallel aggregation futures collected: 278 out of 297
INFO - 2020-08-11 15:06:54,145 [sc_aggregation.py:894] : Parallel aggregation futures collected: 279 out of 297
INFO - 2020-08-11 15:06:54,411 [sc_aggregation.py:894] : Parallel aggregation futures collected: 280 out of 297
INFO - 2020-08-11 15:06:54,699 [sc_aggregation.py:894] : Parallel aggregation futures collected: 281 out of 297
INFO - 2020-08-11 15:06:54,782 [sc_aggregation.py:894] : Parallel aggregation futures collected: 282 out of 297
INFO - 2020-08-11 15:06:54,944 [sc_aggregation.py:894] : Parallel aggregation futures collected: 283 out of 297
INFO - 2020-08-11 15:06:54,947 [sc_aggregation.py:894] : Parallel aggregation futures collected: 284 out of 297
INFO - 2020-08-11 15:06:55,014 [sc_aggregation.py:894] : Parallel aggregation futures collected: 285 out of 297
INFO - 2020-08-11 15:06:55,034 [sc_aggregation.py:894] : Parallel aggregation futures collected: 286 out of 297
INFO - 2020-08-11 15:06:55,067 [sc_aggregation.py:894] : Parallel aggregation futures collected: 287 out of 297
INFO - 2020-08-11 15:06:55,141 [sc_aggregation.py:894] : Parallel aggregation futures collected: 288 out of 297
INFO - 2020-08-11 15:06:55,201 [sc_aggregation.py:894] : Parallel aggregation futures collected: 289 out of 297
INFO - 2020-08-11 15:06:55,265 [sc_aggregation.py:894] : Parallel aggregation futures collected: 290 out of 297
INFO - 2020-08-11 15:06:55,309 [sc_aggregation.py:894] : Parallel aggregation futures collected: 291 out of 297
INFO - 2020-08-11 15:06:55,334 [sc_aggregation.py:894] : Parallel aggregation futures collected: 292 out of 297
INFO - 2020-08-11 15:06:55,448 [sc_aggregation.py:894] : Parallel aggregation futures collected: 293 out of 297
INFO - 2020-08-11 15:06:55,547 [sc_aggregation.py:894] : Parallel aggregation futures collected: 294 out of 297
INFO - 2020-08-11 15:06:55,576 [sc_aggregation.py:894] : Parallel aggregation futures collected: 295 out of 297
INFO - 2020-08-11 15:06:55,754 [sc_aggregation.py:894] : Parallel aggregation futures collected: 296 out of 297
INFO - 2020-08-11 15:06:56,027 [sc_aggregation.py:894] : Parallel aggregation futures collected: 297 out of 297
WARNING - 2020-08-11 15:06:56,762 [sc_aggregation.py:363] : Requested offshore columns ['min_sub_tech', 'sub_type', 'array_cable_CAPEX', 'export_cable_CAPEX'] not found in generation meta data. Not including in aggregation output table.
INFO - 2020-08-11 15:06:57,237 [cli_sc_aggregation.py:275] : Supply curve aggregation complete. Time elapsed: 1.14 min. Target output dir: /scratch/twillia2/connections/connections_064
