INFO - 2020-08-11 15:27:37,565 [cli_sc_aggregation.py:69] : Running reV supply curve aggregation from config file: "/scratch/twillia2/connections/connections_090/config_aggregation.json"
INFO - 2020-08-11 15:27:37,565 [cli_sc_aggregation.py:70] : Target output directory: "/scratch/twillia2/connections/connections_090"
INFO - 2020-08-11 15:27:37,565 [cli_sc_aggregation.py:71] : Target logging directory: "./logs/"
INFO - 2020-08-11 15:27:37,568 [cli_sc_aggregation.py:414] : Running reV SC aggregation on SLURM with node name "connections_090_agg"
INFO - 2020-08-11 15:27:37,695 [cli_sc_aggregation.py:432] : Kicked off reV SC aggregation job "connections_090_agg" (SLURM jobid #3946631).
INFO - 2020-08-11 15:28:23,411 [sc_aggregation.py:860] : Running supply curve point aggregation for points 47 through 203338 at a resolution of 90 on None cores in 151 chunks.
INFO - 2020-08-11 15:28:32,322 [sc_aggregation.py:894] : Parallel aggregation futures collected: 1 out of 151
INFO - 2020-08-11 15:28:32,324 [sc_aggregation.py:894] : Parallel aggregation futures collected: 2 out of 151
INFO - 2020-08-11 15:28:32,465 [sc_aggregation.py:894] : Parallel aggregation futures collected: 3 out of 151
INFO - 2020-08-11 15:28:32,512 [sc_aggregation.py:894] : Parallel aggregation futures collected: 4 out of 151
INFO - 2020-08-11 15:28:32,513 [sc_aggregation.py:894] : Parallel aggregation futures collected: 5 out of 151
INFO - 2020-08-11 15:28:32,569 [sc_aggregation.py:894] : Parallel aggregation futures collected: 6 out of 151
INFO - 2020-08-11 15:28:32,654 [sc_aggregation.py:894] : Parallel aggregation futures collected: 7 out of 151
INFO - 2020-08-11 15:28:32,727 [sc_aggregation.py:894] : Parallel aggregation futures collected: 8 out of 151
INFO - 2020-08-11 15:28:32,731 [sc_aggregation.py:894] : Parallel aggregation futures collected: 9 out of 151
INFO - 2020-08-11 15:28:32,781 [sc_aggregation.py:894] : Parallel aggregation futures collected: 10 out of 151
INFO - 2020-08-11 15:28:32,782 [sc_aggregation.py:894] : Parallel aggregation futures collected: 11 out of 151
INFO - 2020-08-11 15:28:32,828 [sc_aggregation.py:894] : Parallel aggregation futures collected: 12 out of 151
INFO - 2020-08-11 15:28:32,851 [sc_aggregation.py:894] : Parallel aggregation futures collected: 13 out of 151
INFO - 2020-08-11 15:28:32,852 [sc_aggregation.py:894] : Parallel aggregation futures collected: 14 out of 151
INFO - 2020-08-11 15:28:32,852 [sc_aggregation.py:894] : Parallel aggregation futures collected: 15 out of 151
INFO - 2020-08-11 15:28:32,852 [sc_aggregation.py:894] : Parallel aggregation futures collected: 16 out of 151
INFO - 2020-08-11 15:28:32,877 [sc_aggregation.py:894] : Parallel aggregation futures collected: 17 out of 151
INFO - 2020-08-11 15:28:32,935 [sc_aggregation.py:894] : Parallel aggregation futures collected: 18 out of 151
INFO - 2020-08-11 15:28:32,960 [sc_aggregation.py:894] : Parallel aggregation futures collected: 19 out of 151
INFO - 2020-08-11 15:28:32,980 [sc_aggregation.py:894] : Parallel aggregation futures collected: 20 out of 151
INFO - 2020-08-11 15:28:33,032 [sc_aggregation.py:894] : Parallel aggregation futures collected: 21 out of 151
INFO - 2020-08-11 15:28:33,033 [sc_aggregation.py:894] : Parallel aggregation futures collected: 22 out of 151
INFO - 2020-08-11 15:28:33,075 [sc_aggregation.py:894] : Parallel aggregation futures collected: 23 out of 151
INFO - 2020-08-11 15:28:33,081 [sc_aggregation.py:894] : Parallel aggregation futures collected: 24 out of 151
INFO - 2020-08-11 15:28:33,082 [sc_aggregation.py:894] : Parallel aggregation futures collected: 25 out of 151
INFO - 2020-08-11 15:28:33,103 [sc_aggregation.py:894] : Parallel aggregation futures collected: 26 out of 151
INFO - 2020-08-11 15:28:33,124 [sc_aggregation.py:894] : Parallel aggregation futures collected: 27 out of 151
INFO - 2020-08-11 15:28:33,125 [sc_aggregation.py:894] : Parallel aggregation futures collected: 28 out of 151
INFO - 2020-08-11 15:28:33,144 [sc_aggregation.py:894] : Parallel aggregation futures collected: 29 out of 151
INFO - 2020-08-11 15:28:33,165 [sc_aggregation.py:894] : Parallel aggregation futures collected: 30 out of 151
INFO - 2020-08-11 15:28:33,184 [sc_aggregation.py:894] : Parallel aggregation futures collected: 31 out of 151
INFO - 2020-08-11 15:28:33,256 [sc_aggregation.py:894] : Parallel aggregation futures collected: 32 out of 151
INFO - 2020-08-11 15:28:33,309 [sc_aggregation.py:894] : Parallel aggregation futures collected: 33 out of 151
INFO - 2020-08-11 15:28:33,310 [sc_aggregation.py:894] : Parallel aggregation futures collected: 34 out of 151
INFO - 2020-08-11 15:28:33,368 [sc_aggregation.py:894] : Parallel aggregation futures collected: 35 out of 151
INFO - 2020-08-11 15:28:33,463 [sc_aggregation.py:894] : Parallel aggregation futures collected: 36 out of 151
INFO - 2020-08-11 15:28:35,346 [sc_aggregation.py:894] : Parallel aggregation futures collected: 37 out of 151
INFO - 2020-08-11 15:28:35,365 [sc_aggregation.py:894] : Parallel aggregation futures collected: 38 out of 151
INFO - 2020-08-11 15:28:35,613 [sc_aggregation.py:894] : Parallel aggregation futures collected: 39 out of 151
INFO - 2020-08-11 15:28:35,616 [sc_aggregation.py:894] : Parallel aggregation futures collected: 40 out of 151
INFO - 2020-08-11 15:28:35,675 [sc_aggregation.py:894] : Parallel aggregation futures collected: 41 out of 151
INFO - 2020-08-11 15:28:35,675 [sc_aggregation.py:894] : Parallel aggregation futures collected: 42 out of 151
INFO - 2020-08-11 15:28:35,750 [sc_aggregation.py:894] : Parallel aggregation futures collected: 43 out of 151
INFO - 2020-08-11 15:28:35,880 [sc_aggregation.py:894] : Parallel aggregation futures collected: 44 out of 151
INFO - 2020-08-11 15:28:35,901 [sc_aggregation.py:894] : Parallel aggregation futures collected: 45 out of 151
INFO - 2020-08-11 15:28:35,906 [sc_aggregation.py:894] : Parallel aggregation futures collected: 46 out of 151
INFO - 2020-08-11 15:28:35,957 [sc_aggregation.py:894] : Parallel aggregation futures collected: 47 out of 151
INFO - 2020-08-11 15:28:35,996 [sc_aggregation.py:894] : Parallel aggregation futures collected: 48 out of 151
INFO - 2020-08-11 15:28:36,128 [sc_aggregation.py:894] : Parallel aggregation futures collected: 49 out of 151
INFO - 2020-08-11 15:28:36,148 [sc_aggregation.py:894] : Parallel aggregation futures collected: 50 out of 151
INFO - 2020-08-11 15:28:36,167 [sc_aggregation.py:894] : Parallel aggregation futures collected: 51 out of 151
INFO - 2020-08-11 15:28:36,167 [sc_aggregation.py:894] : Parallel aggregation futures collected: 52 out of 151
INFO - 2020-08-11 15:28:36,220 [sc_aggregation.py:894] : Parallel aggregation futures collected: 53 out of 151
INFO - 2020-08-11 15:28:36,245 [sc_aggregation.py:894] : Parallel aggregation futures collected: 54 out of 151
INFO - 2020-08-11 15:28:36,331 [sc_aggregation.py:894] : Parallel aggregation futures collected: 55 out of 151
INFO - 2020-08-11 15:28:36,353 [sc_aggregation.py:894] : Parallel aggregation futures collected: 56 out of 151
INFO - 2020-08-11 15:28:36,399 [sc_aggregation.py:894] : Parallel aggregation futures collected: 57 out of 151
INFO - 2020-08-11 15:28:36,430 [sc_aggregation.py:894] : Parallel aggregation futures collected: 58 out of 151
INFO - 2020-08-11 15:28:36,511 [sc_aggregation.py:894] : Parallel aggregation futures collected: 59 out of 151
INFO - 2020-08-11 15:28:36,532 [sc_aggregation.py:894] : Parallel aggregation futures collected: 60 out of 151
INFO - 2020-08-11 15:28:36,574 [sc_aggregation.py:894] : Parallel aggregation futures collected: 61 out of 151
INFO - 2020-08-11 15:28:36,577 [sc_aggregation.py:894] : Parallel aggregation futures collected: 62 out of 151
INFO - 2020-08-11 15:28:36,634 [sc_aggregation.py:894] : Parallel aggregation futures collected: 63 out of 151
INFO - 2020-08-11 15:28:36,656 [sc_aggregation.py:894] : Parallel aggregation futures collected: 64 out of 151
INFO - 2020-08-11 15:28:36,662 [sc_aggregation.py:894] : Parallel aggregation futures collected: 65 out of 151
INFO - 2020-08-11 15:28:36,690 [sc_aggregation.py:894] : Parallel aggregation futures collected: 66 out of 151
INFO - 2020-08-11 15:28:36,713 [sc_aggregation.py:894] : Parallel aggregation futures collected: 67 out of 151
INFO - 2020-08-11 15:28:36,748 [sc_aggregation.py:894] : Parallel aggregation futures collected: 68 out of 151
INFO - 2020-08-11 15:28:36,766 [sc_aggregation.py:894] : Parallel aggregation futures collected: 69 out of 151
INFO - 2020-08-11 15:28:36,784 [sc_aggregation.py:894] : Parallel aggregation futures collected: 70 out of 151
INFO - 2020-08-11 15:28:36,787 [sc_aggregation.py:894] : Parallel aggregation futures collected: 71 out of 151
INFO - 2020-08-11 15:28:36,854 [sc_aggregation.py:894] : Parallel aggregation futures collected: 72 out of 151
INFO - 2020-08-11 15:28:38,325 [sc_aggregation.py:894] : Parallel aggregation futures collected: 73 out of 151
INFO - 2020-08-11 15:28:38,612 [sc_aggregation.py:894] : Parallel aggregation futures collected: 74 out of 151
INFO - 2020-08-11 15:28:38,828 [sc_aggregation.py:894] : Parallel aggregation futures collected: 75 out of 151
INFO - 2020-08-11 15:28:38,847 [sc_aggregation.py:894] : Parallel aggregation futures collected: 76 out of 151
INFO - 2020-08-11 15:28:38,947 [sc_aggregation.py:894] : Parallel aggregation futures collected: 77 out of 151
INFO - 2020-08-11 15:28:38,965 [sc_aggregation.py:894] : Parallel aggregation futures collected: 78 out of 151
INFO - 2020-08-11 15:28:39,016 [sc_aggregation.py:894] : Parallel aggregation futures collected: 79 out of 151
INFO - 2020-08-11 15:28:39,095 [sc_aggregation.py:894] : Parallel aggregation futures collected: 80 out of 151
INFO - 2020-08-11 15:28:39,162 [sc_aggregation.py:894] : Parallel aggregation futures collected: 81 out of 151
INFO - 2020-08-11 15:28:39,166 [sc_aggregation.py:894] : Parallel aggregation futures collected: 82 out of 151
INFO - 2020-08-11 15:28:39,215 [sc_aggregation.py:894] : Parallel aggregation futures collected: 83 out of 151
INFO - 2020-08-11 15:28:39,273 [sc_aggregation.py:894] : Parallel aggregation futures collected: 84 out of 151
INFO - 2020-08-11 15:28:39,371 [sc_aggregation.py:894] : Parallel aggregation futures collected: 85 out of 151
INFO - 2020-08-11 15:28:39,411 [sc_aggregation.py:894] : Parallel aggregation futures collected: 86 out of 151
INFO - 2020-08-11 15:28:39,503 [sc_aggregation.py:894] : Parallel aggregation futures collected: 87 out of 151
INFO - 2020-08-11 15:28:39,524 [sc_aggregation.py:894] : Parallel aggregation futures collected: 88 out of 151
INFO - 2020-08-11 15:28:39,548 [sc_aggregation.py:894] : Parallel aggregation futures collected: 89 out of 151
INFO - 2020-08-11 15:28:39,577 [sc_aggregation.py:894] : Parallel aggregation futures collected: 90 out of 151
INFO - 2020-08-11 15:28:39,577 [sc_aggregation.py:894] : Parallel aggregation futures collected: 91 out of 151
INFO - 2020-08-11 15:28:39,634 [sc_aggregation.py:894] : Parallel aggregation futures collected: 92 out of 151
INFO - 2020-08-11 15:28:39,654 [sc_aggregation.py:894] : Parallel aggregation futures collected: 93 out of 151
INFO - 2020-08-11 15:28:39,744 [sc_aggregation.py:894] : Parallel aggregation futures collected: 94 out of 151
INFO - 2020-08-11 15:28:39,745 [sc_aggregation.py:894] : Parallel aggregation futures collected: 95 out of 151
INFO - 2020-08-11 15:28:39,765 [sc_aggregation.py:894] : Parallel aggregation futures collected: 96 out of 151
INFO - 2020-08-11 15:28:39,766 [sc_aggregation.py:894] : Parallel aggregation futures collected: 97 out of 151
INFO - 2020-08-11 15:28:39,869 [sc_aggregation.py:894] : Parallel aggregation futures collected: 98 out of 151
INFO - 2020-08-11 15:28:39,985 [sc_aggregation.py:894] : Parallel aggregation futures collected: 99 out of 151
INFO - 2020-08-11 15:28:40,006 [sc_aggregation.py:894] : Parallel aggregation futures collected: 100 out of 151
INFO - 2020-08-11 15:28:40,106 [sc_aggregation.py:894] : Parallel aggregation futures collected: 101 out of 151
INFO - 2020-08-11 15:28:40,135 [sc_aggregation.py:894] : Parallel aggregation futures collected: 102 out of 151
INFO - 2020-08-11 15:28:40,320 [sc_aggregation.py:894] : Parallel aggregation futures collected: 103 out of 151
INFO - 2020-08-11 15:28:40,526 [sc_aggregation.py:894] : Parallel aggregation futures collected: 104 out of 151
INFO - 2020-08-11 15:28:41,117 [sc_aggregation.py:894] : Parallel aggregation futures collected: 105 out of 151
INFO - 2020-08-11 15:28:42,040 [sc_aggregation.py:894] : Parallel aggregation futures collected: 106 out of 151
INFO - 2020-08-11 15:28:42,213 [sc_aggregation.py:894] : Parallel aggregation futures collected: 107 out of 151
INFO - 2020-08-11 15:28:42,602 [sc_aggregation.py:894] : Parallel aggregation futures collected: 108 out of 151
INFO - 2020-08-11 15:28:43,024 [sc_aggregation.py:894] : Parallel aggregation futures collected: 109 out of 151
INFO - 2020-08-11 15:28:43,113 [sc_aggregation.py:894] : Parallel aggregation futures collected: 110 out of 151
INFO - 2020-08-11 15:28:43,159 [sc_aggregation.py:894] : Parallel aggregation futures collected: 111 out of 151
INFO - 2020-08-11 15:28:43,185 [sc_aggregation.py:894] : Parallel aggregation futures collected: 112 out of 151
INFO - 2020-08-11 15:28:43,303 [sc_aggregation.py:894] : Parallel aggregation futures collected: 113 out of 151
INFO - 2020-08-11 15:28:43,447 [sc_aggregation.py:894] : Parallel aggregation futures collected: 114 out of 151
INFO - 2020-08-11 15:28:43,509 [sc_aggregation.py:894] : Parallel aggregation futures collected: 115 out of 151
INFO - 2020-08-11 15:28:43,646 [sc_aggregation.py:894] : Parallel aggregation futures collected: 116 out of 151
INFO - 2020-08-11 15:28:43,833 [sc_aggregation.py:894] : Parallel aggregation futures collected: 117 out of 151
INFO - 2020-08-11 15:28:43,907 [sc_aggregation.py:894] : Parallel aggregation futures collected: 118 out of 151
INFO - 2020-08-11 15:28:44,234 [sc_aggregation.py:894] : Parallel aggregation futures collected: 119 out of 151
INFO - 2020-08-11 15:28:44,271 [sc_aggregation.py:894] : Parallel aggregation futures collected: 120 out of 151
INFO - 2020-08-11 15:28:44,280 [sc_aggregation.py:894] : Parallel aggregation futures collected: 121 out of 151
INFO - 2020-08-11 15:28:44,339 [sc_aggregation.py:894] : Parallel aggregation futures collected: 122 out of 151
INFO - 2020-08-11 15:28:44,383 [sc_aggregation.py:894] : Parallel aggregation futures collected: 123 out of 151
INFO - 2020-08-11 15:28:44,484 [sc_aggregation.py:894] : Parallel aggregation futures collected: 124 out of 151
INFO - 2020-08-11 15:28:44,513 [sc_aggregation.py:894] : Parallel aggregation futures collected: 125 out of 151
INFO - 2020-08-11 15:28:44,603 [sc_aggregation.py:894] : Parallel aggregation futures collected: 126 out of 151
INFO - 2020-08-11 15:28:44,713 [sc_aggregation.py:894] : Parallel aggregation futures collected: 127 out of 151
INFO - 2020-08-11 15:28:44,830 [sc_aggregation.py:894] : Parallel aggregation futures collected: 128 out of 151
INFO - 2020-08-11 15:28:44,937 [sc_aggregation.py:894] : Parallel aggregation futures collected: 129 out of 151
INFO - 2020-08-11 15:28:44,962 [sc_aggregation.py:894] : Parallel aggregation futures collected: 130 out of 151
INFO - 2020-08-11 15:28:45,255 [sc_aggregation.py:894] : Parallel aggregation futures collected: 131 out of 151
INFO - 2020-08-11 15:28:45,309 [sc_aggregation.py:894] : Parallel aggregation futures collected: 132 out of 151
INFO - 2020-08-11 15:28:45,331 [sc_aggregation.py:894] : Parallel aggregation futures collected: 133 out of 151
INFO - 2020-08-11 15:28:45,391 [sc_aggregation.py:894] : Parallel aggregation futures collected: 134 out of 151
INFO - 2020-08-11 15:28:45,474 [sc_aggregation.py:894] : Parallel aggregation futures collected: 135 out of 151
INFO - 2020-08-11 15:28:45,526 [sc_aggregation.py:894] : Parallel aggregation futures collected: 136 out of 151
INFO - 2020-08-11 15:28:45,694 [sc_aggregation.py:894] : Parallel aggregation futures collected: 137 out of 151
INFO - 2020-08-11 15:28:45,727 [sc_aggregation.py:894] : Parallel aggregation futures collected: 138 out of 151
INFO - 2020-08-11 15:28:45,839 [sc_aggregation.py:894] : Parallel aggregation futures collected: 139 out of 151
INFO - 2020-08-11 15:28:45,929 [sc_aggregation.py:894] : Parallel aggregation futures collected: 140 out of 151
INFO - 2020-08-11 15:28:46,070 [sc_aggregation.py:894] : Parallel aggregation futures collected: 141 out of 151
INFO - 2020-08-11 15:28:46,090 [sc_aggregation.py:894] : Parallel aggregation futures collected: 142 out of 151
INFO - 2020-08-11 15:28:46,142 [sc_aggregation.py:894] : Parallel aggregation futures collected: 143 out of 151
INFO - 2020-08-11 15:28:46,142 [sc_aggregation.py:894] : Parallel aggregation futures collected: 144 out of 151
INFO - 2020-08-11 15:28:46,165 [sc_aggregation.py:894] : Parallel aggregation futures collected: 145 out of 151
INFO - 2020-08-11 15:28:46,196 [sc_aggregation.py:894] : Parallel aggregation futures collected: 146 out of 151
INFO - 2020-08-11 15:28:46,353 [sc_aggregation.py:894] : Parallel aggregation futures collected: 147 out of 151
INFO - 2020-08-11 15:28:46,353 [sc_aggregation.py:894] : Parallel aggregation futures collected: 148 out of 151
INFO - 2020-08-11 15:28:46,353 [sc_aggregation.py:894] : Parallel aggregation futures collected: 149 out of 151
INFO - 2020-08-11 15:28:46,486 [sc_aggregation.py:894] : Parallel aggregation futures collected: 150 out of 151
INFO - 2020-08-11 15:28:46,494 [sc_aggregation.py:894] : Parallel aggregation futures collected: 151 out of 151
WARNING - 2020-08-11 15:28:47,271 [sc_aggregation.py:363] : Requested offshore columns ['min_sub_tech', 'sub_type', 'array_cable_CAPEX', 'export_cable_CAPEX'] not found in generation meta data. Not including in aggregation output table.
INFO - 2020-08-11 15:28:47,608 [cli_sc_aggregation.py:275] : Supply curve aggregation complete. Time elapsed: 0.69 min. Target output dir: /scratch/twillia2/connections/connections_090
INFO - 2020-08-11 15:32:51,054 [cli_sc_aggregation.py:69] : Running reV supply curve aggregation from config file: "/scratch/twillia2/connections/agtables/connections_090/config_aggregation.json"
INFO - 2020-08-11 15:32:51,054 [cli_sc_aggregation.py:70] : Target output directory: "/scratch/twillia2/connections/agtables/connections_090"
INFO - 2020-08-11 15:32:51,054 [cli_sc_aggregation.py:71] : Target logging directory: "./logs/"
INFO - 2020-08-11 15:32:51,058 [cli_sc_aggregation.py:414] : Running reV SC aggregation on SLURM with node name "connections_090_agg"
INFO - 2020-08-11 15:32:52,674 [cli_sc_aggregation.py:432] : Kicked off reV SC aggregation job "connections_090_agg" (SLURM jobid #3946661).
INFO - 2020-08-11 15:41:32,423 [cli_sc_aggregation.py:69] : Running reV supply curve aggregation from config file: "/scratch/twillia2/connections/agtables/connections_090/config_aggregation.json"
INFO - 2020-08-11 15:41:32,423 [cli_sc_aggregation.py:70] : Target output directory: "/scratch/twillia2/connections/agtables/connections_090"
INFO - 2020-08-11 15:41:32,423 [cli_sc_aggregation.py:71] : Target logging directory: "./logs/"
INFO - 2020-08-11 15:41:32,427 [cli_sc_aggregation.py:414] : Running reV SC aggregation on SLURM with node name "connections_090_agg"
INFO - 2020-08-11 15:41:32,529 [cli_sc_aggregation.py:432] : Kicked off reV SC aggregation job "connections_090_agg" (SLURM jobid #3946666).
INFO - 2020-08-11 15:43:06,944 [cli_sc_aggregation.py:69] : Running reV supply curve aggregation from config file: "/scratch/twillia2/connections/agtables/connections_090/config_aggregation.json"
INFO - 2020-08-11 15:43:06,944 [cli_sc_aggregation.py:70] : Target output directory: "/scratch/twillia2/connections/agtables/connections_090"
INFO - 2020-08-11 15:43:06,944 [cli_sc_aggregation.py:71] : Target logging directory: "./logs/"
INFO - 2020-08-11 15:43:08,663 [cli_sc_aggregation.py:414] : Running reV SC aggregation on SLURM with node name "connections_090_agg"
INFO - 2020-08-11 15:43:08,762 [cli_sc_aggregation.py:432] : Kicked off reV SC aggregation job "connections_090_agg" (SLURM jobid #3946668).
INFO - 2020-08-11 15:44:52,398 [cli_sc_aggregation.py:69] : Running reV supply curve aggregation from config file: "/scratch/twillia2/connections/agtables/connections_090/config_aggregation.json"
INFO - 2020-08-11 15:44:52,398 [cli_sc_aggregation.py:70] : Target output directory: "/scratch/twillia2/connections/agtables/connections_090"
INFO - 2020-08-11 15:44:52,398 [cli_sc_aggregation.py:71] : Target logging directory: "./logs/"
INFO - 2020-08-11 15:44:52,441 [cli_sc_aggregation.py:414] : Running reV SC aggregation on SLURM with node name "connections_090_agg"
INFO - 2020-08-11 15:44:54,537 [cli_sc_aggregation.py:432] : Kicked off reV SC aggregation job "connections_090_agg" (SLURM jobid #3946671).
INFO - 2020-08-12 12:01:22,097 [cli_sc_aggregation.py:69] : Running reV supply curve aggregation from config file: "/scratch/twillia2/connections/agtables/connections_090/config_aggregation.json"
INFO - 2020-08-12 12:01:22,098 [cli_sc_aggregation.py:70] : Target output directory: "/scratch/twillia2/connections/agtables/connections_090"
INFO - 2020-08-12 12:01:22,098 [cli_sc_aggregation.py:71] : Target logging directory: "./logs/"
INFO - 2020-08-12 12:01:22,179 [cli_sc_aggregation.py:414] : Running reV SC aggregation on SLURM with node name "connections_090_agg"
INFO - 2020-08-12 12:01:22,271 [cli_sc_aggregation.py:432] : Kicked off reV SC aggregation job "connections_090_agg" (SLURM jobid #3950134).
INFO - 2020-08-12 12:02:18,851 [sc_aggregation.py:860] : Running supply curve point aggregation for points 47 through 203338 at a resolution of 90 on None cores in 151 chunks.
INFO - 2020-08-12 12:02:27,943 [sc_aggregation.py:894] : Parallel aggregation futures collected: 1 out of 151
INFO - 2020-08-12 12:02:27,960 [sc_aggregation.py:894] : Parallel aggregation futures collected: 2 out of 151
INFO - 2020-08-12 12:02:27,993 [sc_aggregation.py:894] : Parallel aggregation futures collected: 3 out of 151
INFO - 2020-08-12 12:02:28,017 [sc_aggregation.py:894] : Parallel aggregation futures collected: 4 out of 151
INFO - 2020-08-12 12:02:28,094 [sc_aggregation.py:894] : Parallel aggregation futures collected: 5 out of 151
INFO - 2020-08-12 12:02:28,140 [sc_aggregation.py:894] : Parallel aggregation futures collected: 6 out of 151
INFO - 2020-08-12 12:02:28,158 [sc_aggregation.py:894] : Parallel aggregation futures collected: 7 out of 151
INFO - 2020-08-12 12:02:28,160 [sc_aggregation.py:894] : Parallel aggregation futures collected: 8 out of 151
INFO - 2020-08-12 12:02:28,177 [sc_aggregation.py:894] : Parallel aggregation futures collected: 9 out of 151
INFO - 2020-08-12 12:02:28,179 [sc_aggregation.py:894] : Parallel aggregation futures collected: 10 out of 151
INFO - 2020-08-12 12:02:28,197 [sc_aggregation.py:894] : Parallel aggregation futures collected: 11 out of 151
INFO - 2020-08-12 12:02:28,237 [sc_aggregation.py:894] : Parallel aggregation futures collected: 12 out of 151
INFO - 2020-08-12 12:02:28,252 [sc_aggregation.py:894] : Parallel aggregation futures collected: 13 out of 151
INFO - 2020-08-12 12:02:28,252 [sc_aggregation.py:894] : Parallel aggregation futures collected: 14 out of 151
INFO - 2020-08-12 12:02:28,290 [sc_aggregation.py:894] : Parallel aggregation futures collected: 15 out of 151
INFO - 2020-08-12 12:02:28,290 [sc_aggregation.py:894] : Parallel aggregation futures collected: 16 out of 151
INFO - 2020-08-12 12:02:28,309 [sc_aggregation.py:894] : Parallel aggregation futures collected: 17 out of 151
INFO - 2020-08-12 12:02:28,309 [sc_aggregation.py:894] : Parallel aggregation futures collected: 18 out of 151
INFO - 2020-08-12 12:02:28,309 [sc_aggregation.py:894] : Parallel aggregation futures collected: 19 out of 151
INFO - 2020-08-12 12:02:28,327 [sc_aggregation.py:894] : Parallel aggregation futures collected: 20 out of 151
INFO - 2020-08-12 12:02:28,388 [sc_aggregation.py:894] : Parallel aggregation futures collected: 21 out of 151
INFO - 2020-08-12 12:02:28,440 [sc_aggregation.py:894] : Parallel aggregation futures collected: 22 out of 151
INFO - 2020-08-12 12:02:28,462 [sc_aggregation.py:894] : Parallel aggregation futures collected: 23 out of 151
INFO - 2020-08-12 12:02:28,481 [sc_aggregation.py:894] : Parallel aggregation futures collected: 24 out of 151
INFO - 2020-08-12 12:02:28,517 [sc_aggregation.py:894] : Parallel aggregation futures collected: 25 out of 151
INFO - 2020-08-12 12:02:28,568 [sc_aggregation.py:894] : Parallel aggregation futures collected: 26 out of 151
INFO - 2020-08-12 12:02:28,632 [sc_aggregation.py:894] : Parallel aggregation futures collected: 27 out of 151
INFO - 2020-08-12 12:02:28,668 [sc_aggregation.py:894] : Parallel aggregation futures collected: 28 out of 151
INFO - 2020-08-12 12:02:28,687 [sc_aggregation.py:894] : Parallel aggregation futures collected: 29 out of 151
INFO - 2020-08-12 12:02:28,707 [sc_aggregation.py:894] : Parallel aggregation futures collected: 30 out of 151
INFO - 2020-08-12 12:02:28,771 [sc_aggregation.py:894] : Parallel aggregation futures collected: 31 out of 151
INFO - 2020-08-12 12:02:28,911 [sc_aggregation.py:894] : Parallel aggregation futures collected: 32 out of 151
INFO - 2020-08-12 12:02:28,946 [sc_aggregation.py:894] : Parallel aggregation futures collected: 33 out of 151
INFO - 2020-08-12 12:02:28,977 [sc_aggregation.py:894] : Parallel aggregation futures collected: 34 out of 151
INFO - 2020-08-12 12:02:29,144 [sc_aggregation.py:894] : Parallel aggregation futures collected: 35 out of 151
INFO - 2020-08-12 12:02:29,263 [sc_aggregation.py:894] : Parallel aggregation futures collected: 36 out of 151
INFO - 2020-08-12 12:02:30,792 [sc_aggregation.py:894] : Parallel aggregation futures collected: 37 out of 151
INFO - 2020-08-12 12:02:30,810 [sc_aggregation.py:894] : Parallel aggregation futures collected: 38 out of 151
INFO - 2020-08-12 12:02:30,839 [sc_aggregation.py:894] : Parallel aggregation futures collected: 39 out of 151
INFO - 2020-08-12 12:02:30,909 [sc_aggregation.py:894] : Parallel aggregation futures collected: 40 out of 151
INFO - 2020-08-12 12:02:31,013 [sc_aggregation.py:894] : Parallel aggregation futures collected: 41 out of 151
INFO - 2020-08-12 12:02:31,056 [sc_aggregation.py:894] : Parallel aggregation futures collected: 42 out of 151
INFO - 2020-08-12 12:02:31,217 [sc_aggregation.py:894] : Parallel aggregation futures collected: 43 out of 151
INFO - 2020-08-12 12:02:31,236 [sc_aggregation.py:894] : Parallel aggregation futures collected: 44 out of 151
INFO - 2020-08-12 12:02:31,269 [sc_aggregation.py:894] : Parallel aggregation futures collected: 45 out of 151
INFO - 2020-08-12 12:02:31,287 [sc_aggregation.py:894] : Parallel aggregation futures collected: 46 out of 151
INFO - 2020-08-12 12:02:31,343 [sc_aggregation.py:894] : Parallel aggregation futures collected: 47 out of 151
INFO - 2020-08-12 12:02:31,362 [sc_aggregation.py:894] : Parallel aggregation futures collected: 48 out of 151
INFO - 2020-08-12 12:02:31,402 [sc_aggregation.py:894] : Parallel aggregation futures collected: 49 out of 151
INFO - 2020-08-12 12:02:31,405 [sc_aggregation.py:894] : Parallel aggregation futures collected: 50 out of 151
INFO - 2020-08-12 12:02:31,446 [sc_aggregation.py:894] : Parallel aggregation futures collected: 51 out of 151
INFO - 2020-08-12 12:02:31,516 [sc_aggregation.py:894] : Parallel aggregation futures collected: 52 out of 151
INFO - 2020-08-12 12:02:31,711 [sc_aggregation.py:894] : Parallel aggregation futures collected: 53 out of 151
INFO - 2020-08-12 12:02:31,729 [sc_aggregation.py:894] : Parallel aggregation futures collected: 54 out of 151
INFO - 2020-08-12 12:02:31,776 [sc_aggregation.py:894] : Parallel aggregation futures collected: 55 out of 151
INFO - 2020-08-12 12:02:31,782 [sc_aggregation.py:894] : Parallel aggregation futures collected: 56 out of 151
INFO - 2020-08-12 12:02:31,798 [sc_aggregation.py:894] : Parallel aggregation futures collected: 57 out of 151
INFO - 2020-08-12 12:02:31,883 [sc_aggregation.py:894] : Parallel aggregation futures collected: 58 out of 151
INFO - 2020-08-12 12:02:31,906 [sc_aggregation.py:894] : Parallel aggregation futures collected: 59 out of 151
INFO - 2020-08-12 12:02:31,926 [sc_aggregation.py:894] : Parallel aggregation futures collected: 60 out of 151
INFO - 2020-08-12 12:02:31,950 [sc_aggregation.py:894] : Parallel aggregation futures collected: 61 out of 151
INFO - 2020-08-12 12:02:31,968 [sc_aggregation.py:894] : Parallel aggregation futures collected: 62 out of 151
INFO - 2020-08-12 12:02:31,968 [sc_aggregation.py:894] : Parallel aggregation futures collected: 63 out of 151
INFO - 2020-08-12 12:02:32,114 [sc_aggregation.py:894] : Parallel aggregation futures collected: 64 out of 151
INFO - 2020-08-12 12:02:32,322 [sc_aggregation.py:894] : Parallel aggregation futures collected: 65 out of 151
INFO - 2020-08-12 12:02:32,344 [sc_aggregation.py:894] : Parallel aggregation futures collected: 66 out of 151
INFO - 2020-08-12 12:02:32,443 [sc_aggregation.py:894] : Parallel aggregation futures collected: 67 out of 151
INFO - 2020-08-12 12:02:32,469 [sc_aggregation.py:894] : Parallel aggregation futures collected: 68 out of 151
INFO - 2020-08-12 12:02:32,522 [sc_aggregation.py:894] : Parallel aggregation futures collected: 69 out of 151
INFO - 2020-08-12 12:02:32,620 [sc_aggregation.py:894] : Parallel aggregation futures collected: 70 out of 151
INFO - 2020-08-12 12:02:32,664 [sc_aggregation.py:894] : Parallel aggregation futures collected: 71 out of 151
INFO - 2020-08-12 12:02:32,857 [sc_aggregation.py:894] : Parallel aggregation futures collected: 72 out of 151
INFO - 2020-08-12 12:02:33,675 [sc_aggregation.py:894] : Parallel aggregation futures collected: 73 out of 151
INFO - 2020-08-12 12:02:33,697 [sc_aggregation.py:894] : Parallel aggregation futures collected: 74 out of 151
INFO - 2020-08-12 12:02:34,112 [sc_aggregation.py:894] : Parallel aggregation futures collected: 75 out of 151
INFO - 2020-08-12 12:02:34,142 [sc_aggregation.py:894] : Parallel aggregation futures collected: 76 out of 151
INFO - 2020-08-12 12:02:34,223 [sc_aggregation.py:894] : Parallel aggregation futures collected: 77 out of 151
INFO - 2020-08-12 12:02:34,503 [sc_aggregation.py:894] : Parallel aggregation futures collected: 78 out of 151
INFO - 2020-08-12 12:02:34,542 [sc_aggregation.py:894] : Parallel aggregation futures collected: 79 out of 151
INFO - 2020-08-12 12:02:34,710 [sc_aggregation.py:894] : Parallel aggregation futures collected: 80 out of 151
INFO - 2020-08-12 12:02:34,762 [sc_aggregation.py:894] : Parallel aggregation futures collected: 81 out of 151
INFO - 2020-08-12 12:02:34,766 [sc_aggregation.py:894] : Parallel aggregation futures collected: 82 out of 151
INFO - 2020-08-12 12:02:34,781 [sc_aggregation.py:894] : Parallel aggregation futures collected: 83 out of 151
INFO - 2020-08-12 12:02:34,905 [sc_aggregation.py:894] : Parallel aggregation futures collected: 84 out of 151
INFO - 2020-08-12 12:02:35,006 [sc_aggregation.py:894] : Parallel aggregation futures collected: 85 out of 151
INFO - 2020-08-12 12:02:35,025 [sc_aggregation.py:894] : Parallel aggregation futures collected: 86 out of 151
INFO - 2020-08-12 12:02:35,043 [sc_aggregation.py:894] : Parallel aggregation futures collected: 87 out of 151
INFO - 2020-08-12 12:02:35,065 [sc_aggregation.py:894] : Parallel aggregation futures collected: 88 out of 151
INFO - 2020-08-12 12:02:35,101 [sc_aggregation.py:894] : Parallel aggregation futures collected: 89 out of 151
INFO - 2020-08-12 12:02:35,120 [sc_aggregation.py:894] : Parallel aggregation futures collected: 90 out of 151
INFO - 2020-08-12 12:02:35,120 [sc_aggregation.py:894] : Parallel aggregation futures collected: 91 out of 151
INFO - 2020-08-12 12:02:35,120 [sc_aggregation.py:894] : Parallel aggregation futures collected: 92 out of 151
INFO - 2020-08-12 12:02:35,175 [sc_aggregation.py:894] : Parallel aggregation futures collected: 93 out of 151
INFO - 2020-08-12 12:02:35,221 [sc_aggregation.py:894] : Parallel aggregation futures collected: 94 out of 151
INFO - 2020-08-12 12:02:35,239 [sc_aggregation.py:894] : Parallel aggregation futures collected: 95 out of 151
INFO - 2020-08-12 12:02:35,260 [sc_aggregation.py:894] : Parallel aggregation futures collected: 96 out of 151
INFO - 2020-08-12 12:02:35,318 [sc_aggregation.py:894] : Parallel aggregation futures collected: 97 out of 151
INFO - 2020-08-12 12:02:35,430 [sc_aggregation.py:894] : Parallel aggregation futures collected: 98 out of 151
INFO - 2020-08-12 12:02:35,526 [sc_aggregation.py:894] : Parallel aggregation futures collected: 99 out of 151
INFO - 2020-08-12 12:02:35,526 [sc_aggregation.py:894] : Parallel aggregation futures collected: 100 out of 151
INFO - 2020-08-12 12:02:35,652 [sc_aggregation.py:894] : Parallel aggregation futures collected: 101 out of 151
INFO - 2020-08-12 12:02:35,689 [sc_aggregation.py:894] : Parallel aggregation futures collected: 102 out of 151
INFO - 2020-08-12 12:02:36,303 [sc_aggregation.py:894] : Parallel aggregation futures collected: 103 out of 151
INFO - 2020-08-12 12:02:36,862 [sc_aggregation.py:894] : Parallel aggregation futures collected: 104 out of 151
INFO - 2020-08-12 12:02:37,480 [sc_aggregation.py:894] : Parallel aggregation futures collected: 105 out of 151
INFO - 2020-08-12 12:02:38,534 [sc_aggregation.py:894] : Parallel aggregation futures collected: 106 out of 151
INFO - 2020-08-12 12:02:38,680 [sc_aggregation.py:894] : Parallel aggregation futures collected: 107 out of 151
INFO - 2020-08-12 12:02:38,875 [sc_aggregation.py:894] : Parallel aggregation futures collected: 108 out of 151
INFO - 2020-08-12 12:02:38,892 [sc_aggregation.py:894] : Parallel aggregation futures collected: 109 out of 151
INFO - 2020-08-12 12:02:38,896 [sc_aggregation.py:894] : Parallel aggregation futures collected: 110 out of 151
INFO - 2020-08-12 12:02:39,215 [sc_aggregation.py:894] : Parallel aggregation futures collected: 111 out of 151
INFO - 2020-08-12 12:02:39,614 [sc_aggregation.py:894] : Parallel aggregation futures collected: 112 out of 151
INFO - 2020-08-12 12:02:39,628 [sc_aggregation.py:894] : Parallel aggregation futures collected: 113 out of 151
INFO - 2020-08-12 12:02:40,088 [sc_aggregation.py:894] : Parallel aggregation futures collected: 114 out of 151
INFO - 2020-08-12 12:02:40,494 [sc_aggregation.py:894] : Parallel aggregation futures collected: 115 out of 151
INFO - 2020-08-12 12:02:40,561 [sc_aggregation.py:894] : Parallel aggregation futures collected: 116 out of 151
INFO - 2020-08-12 12:02:40,932 [sc_aggregation.py:894] : Parallel aggregation futures collected: 117 out of 151
INFO - 2020-08-12 12:02:40,987 [sc_aggregation.py:894] : Parallel aggregation futures collected: 118 out of 151
INFO - 2020-08-12 12:02:41,179 [sc_aggregation.py:894] : Parallel aggregation futures collected: 119 out of 151
INFO - 2020-08-12 12:02:41,320 [sc_aggregation.py:894] : Parallel aggregation futures collected: 120 out of 151
INFO - 2020-08-12 12:02:41,375 [sc_aggregation.py:894] : Parallel aggregation futures collected: 121 out of 151
INFO - 2020-08-12 12:02:41,505 [sc_aggregation.py:894] : Parallel aggregation futures collected: 122 out of 151
INFO - 2020-08-12 12:02:41,567 [sc_aggregation.py:894] : Parallel aggregation futures collected: 123 out of 151
INFO - 2020-08-12 12:02:41,572 [sc_aggregation.py:894] : Parallel aggregation futures collected: 124 out of 151
INFO - 2020-08-12 12:02:41,676 [sc_aggregation.py:894] : Parallel aggregation futures collected: 125 out of 151
INFO - 2020-08-12 12:02:41,767 [sc_aggregation.py:894] : Parallel aggregation futures collected: 126 out of 151
INFO - 2020-08-12 12:02:41,788 [sc_aggregation.py:894] : Parallel aggregation futures collected: 127 out of 151
INFO - 2020-08-12 12:02:42,010 [sc_aggregation.py:894] : Parallel aggregation futures collected: 128 out of 151
INFO - 2020-08-12 12:02:42,071 [sc_aggregation.py:894] : Parallel aggregation futures collected: 129 out of 151
INFO - 2020-08-12 12:02:42,101 [sc_aggregation.py:894] : Parallel aggregation futures collected: 130 out of 151
INFO - 2020-08-12 12:02:42,355 [sc_aggregation.py:894] : Parallel aggregation futures collected: 131 out of 151
INFO - 2020-08-12 12:02:42,364 [sc_aggregation.py:894] : Parallel aggregation futures collected: 132 out of 151
INFO - 2020-08-12 12:02:42,444 [sc_aggregation.py:894] : Parallel aggregation futures collected: 133 out of 151
INFO - 2020-08-12 12:02:42,499 [sc_aggregation.py:894] : Parallel aggregation futures collected: 134 out of 151
INFO - 2020-08-12 12:02:42,598 [sc_aggregation.py:894] : Parallel aggregation futures collected: 135 out of 151
INFO - 2020-08-12 12:02:42,696 [sc_aggregation.py:894] : Parallel aggregation futures collected: 136 out of 151
INFO - 2020-08-12 12:02:42,793 [sc_aggregation.py:894] : Parallel aggregation futures collected: 137 out of 151
INFO - 2020-08-12 12:02:42,878 [sc_aggregation.py:894] : Parallel aggregation futures collected: 138 out of 151
INFO - 2020-08-12 12:02:43,473 [sc_aggregation.py:894] : Parallel aggregation futures collected: 139 out of 151
INFO - 2020-08-12 12:02:43,604 [sc_aggregation.py:894] : Parallel aggregation futures collected: 140 out of 151
INFO - 2020-08-12 12:02:43,682 [sc_aggregation.py:894] : Parallel aggregation futures collected: 141 out of 151
INFO - 2020-08-12 12:02:43,894 [sc_aggregation.py:894] : Parallel aggregation futures collected: 142 out of 151
INFO - 2020-08-12 12:02:44,079 [sc_aggregation.py:894] : Parallel aggregation futures collected: 143 out of 151
INFO - 2020-08-12 12:02:44,137 [sc_aggregation.py:894] : Parallel aggregation futures collected: 144 out of 151
INFO - 2020-08-12 12:02:44,375 [sc_aggregation.py:894] : Parallel aggregation futures collected: 145 out of 151
INFO - 2020-08-12 12:02:44,862 [sc_aggregation.py:894] : Parallel aggregation futures collected: 146 out of 151
INFO - 2020-08-12 12:02:45,039 [sc_aggregation.py:894] : Parallel aggregation futures collected: 147 out of 151
INFO - 2020-08-12 12:02:45,091 [sc_aggregation.py:894] : Parallel aggregation futures collected: 148 out of 151
INFO - 2020-08-12 12:02:45,217 [sc_aggregation.py:894] : Parallel aggregation futures collected: 149 out of 151
INFO - 2020-08-12 12:02:45,574 [sc_aggregation.py:894] : Parallel aggregation futures collected: 150 out of 151
INFO - 2020-08-12 12:02:45,716 [sc_aggregation.py:894] : Parallel aggregation futures collected: 151 out of 151
WARNING - 2020-08-12 12:02:46,454 [sc_aggregation.py:363] : Requested offshore columns ['min_sub_tech', 'sub_type', 'array_cable_CAPEX', 'export_cable_CAPEX'] not found in generation meta data. Not including in aggregation output table.
INFO - 2020-08-12 12:02:46,791 [cli_sc_aggregation.py:275] : Supply curve aggregation complete. Time elapsed: 1.11 min. Target output dir: /scratch/twillia2/connections/agtables/connections_090
