INFO - 2020-08-16 14:23:59,549 [cli_sc_aggregation.py:76] : Running reV supply curve aggregation from config file: "/lustre/eaglefs/shared-projects/rev/projects/soco/data/tables/transmission/agtables/transmission_118/config_aggregation.json"
INFO - 2020-08-16 14:23:59,549 [cli_sc_aggregation.py:77] : Target output directory: "/lustre/eaglefs/shared-projects/rev/projects/soco/data/tables/transmission/agtables/transmission_118"
INFO - 2020-08-16 14:23:59,549 [cli_sc_aggregation.py:78] : Target logging directory: "./logs/"
INFO - 2020-08-16 14:23:59,554 [cli_sc_aggregation.py:433] : Running reV SC aggregation on SLURM with node name "transmission_118_agg"
INFO - 2020-08-16 14:23:59,618 [cli_sc_aggregation.py:451] : Kicked off reV SC aggregation job "transmission_118_agg" (SLURM jobid #3989911).
INFO - 2020-08-16 14:24:36,130 [sc_aggregation.py:911] : Running supply curve point aggregation for points 35 through 118471 at a resolution of 118 on None cores in 88 chunks.
INFO - 2020-08-16 14:24:45,303 [sc_aggregation.py:945] : Parallel aggregation futures collected: 1 out of 88
INFO - 2020-08-16 14:24:45,485 [sc_aggregation.py:945] : Parallel aggregation futures collected: 2 out of 88
INFO - 2020-08-16 14:24:45,595 [sc_aggregation.py:945] : Parallel aggregation futures collected: 3 out of 88
INFO - 2020-08-16 14:24:45,720 [sc_aggregation.py:945] : Parallel aggregation futures collected: 4 out of 88
INFO - 2020-08-16 14:24:45,739 [sc_aggregation.py:945] : Parallel aggregation futures collected: 5 out of 88
INFO - 2020-08-16 14:24:45,758 [sc_aggregation.py:945] : Parallel aggregation futures collected: 6 out of 88
INFO - 2020-08-16 14:24:45,810 [sc_aggregation.py:945] : Parallel aggregation futures collected: 7 out of 88
INFO - 2020-08-16 14:24:45,882 [sc_aggregation.py:945] : Parallel aggregation futures collected: 8 out of 88
INFO - 2020-08-16 14:24:45,900 [sc_aggregation.py:945] : Parallel aggregation futures collected: 9 out of 88
INFO - 2020-08-16 14:24:45,935 [sc_aggregation.py:945] : Parallel aggregation futures collected: 10 out of 88
INFO - 2020-08-16 14:24:45,952 [sc_aggregation.py:945] : Parallel aggregation futures collected: 11 out of 88
INFO - 2020-08-16 14:24:45,971 [sc_aggregation.py:945] : Parallel aggregation futures collected: 12 out of 88
INFO - 2020-08-16 14:24:46,023 [sc_aggregation.py:945] : Parallel aggregation futures collected: 13 out of 88
INFO - 2020-08-16 14:24:46,043 [sc_aggregation.py:945] : Parallel aggregation futures collected: 14 out of 88
INFO - 2020-08-16 14:24:46,046 [sc_aggregation.py:945] : Parallel aggregation futures collected: 15 out of 88
INFO - 2020-08-16 14:24:46,082 [sc_aggregation.py:945] : Parallel aggregation futures collected: 16 out of 88
INFO - 2020-08-16 14:24:46,107 [sc_aggregation.py:945] : Parallel aggregation futures collected: 17 out of 88
INFO - 2020-08-16 14:24:46,159 [sc_aggregation.py:945] : Parallel aggregation futures collected: 18 out of 88
INFO - 2020-08-16 14:24:46,177 [sc_aggregation.py:945] : Parallel aggregation futures collected: 19 out of 88
INFO - 2020-08-16 14:24:46,230 [sc_aggregation.py:945] : Parallel aggregation futures collected: 20 out of 88
INFO - 2020-08-16 14:24:46,233 [sc_aggregation.py:945] : Parallel aggregation futures collected: 21 out of 88
INFO - 2020-08-16 14:24:46,280 [sc_aggregation.py:945] : Parallel aggregation futures collected: 22 out of 88
INFO - 2020-08-16 14:24:46,362 [sc_aggregation.py:945] : Parallel aggregation futures collected: 23 out of 88
INFO - 2020-08-16 14:24:46,380 [sc_aggregation.py:945] : Parallel aggregation futures collected: 24 out of 88
INFO - 2020-08-16 14:24:46,409 [sc_aggregation.py:945] : Parallel aggregation futures collected: 25 out of 88
INFO - 2020-08-16 14:24:46,484 [sc_aggregation.py:945] : Parallel aggregation futures collected: 26 out of 88
INFO - 2020-08-16 14:24:46,528 [sc_aggregation.py:945] : Parallel aggregation futures collected: 27 out of 88
INFO - 2020-08-16 14:24:46,547 [sc_aggregation.py:945] : Parallel aggregation futures collected: 28 out of 88
INFO - 2020-08-16 14:24:46,650 [sc_aggregation.py:945] : Parallel aggregation futures collected: 29 out of 88
INFO - 2020-08-16 14:24:46,669 [sc_aggregation.py:945] : Parallel aggregation futures collected: 30 out of 88
INFO - 2020-08-16 14:24:46,748 [sc_aggregation.py:945] : Parallel aggregation futures collected: 31 out of 88
INFO - 2020-08-16 14:24:46,767 [sc_aggregation.py:945] : Parallel aggregation futures collected: 32 out of 88
INFO - 2020-08-16 14:24:46,767 [sc_aggregation.py:945] : Parallel aggregation futures collected: 33 out of 88
INFO - 2020-08-16 14:24:46,767 [sc_aggregation.py:945] : Parallel aggregation futures collected: 34 out of 88
INFO - 2020-08-16 14:24:46,838 [sc_aggregation.py:945] : Parallel aggregation futures collected: 35 out of 88
INFO - 2020-08-16 14:24:47,050 [sc_aggregation.py:945] : Parallel aggregation futures collected: 36 out of 88
INFO - 2020-08-16 14:24:47,952 [sc_aggregation.py:945] : Parallel aggregation futures collected: 37 out of 88
INFO - 2020-08-16 14:24:48,458 [sc_aggregation.py:945] : Parallel aggregation futures collected: 38 out of 88
INFO - 2020-08-16 14:24:49,009 [sc_aggregation.py:945] : Parallel aggregation futures collected: 39 out of 88
INFO - 2020-08-16 14:24:49,111 [sc_aggregation.py:945] : Parallel aggregation futures collected: 40 out of 88
INFO - 2020-08-16 14:24:49,246 [sc_aggregation.py:945] : Parallel aggregation futures collected: 41 out of 88
INFO - 2020-08-16 14:24:49,324 [sc_aggregation.py:945] : Parallel aggregation futures collected: 42 out of 88
INFO - 2020-08-16 14:24:49,369 [sc_aggregation.py:945] : Parallel aggregation futures collected: 43 out of 88
INFO - 2020-08-16 14:24:49,435 [sc_aggregation.py:945] : Parallel aggregation futures collected: 44 out of 88
INFO - 2020-08-16 14:24:49,454 [sc_aggregation.py:945] : Parallel aggregation futures collected: 45 out of 88
INFO - 2020-08-16 14:24:49,620 [sc_aggregation.py:945] : Parallel aggregation futures collected: 46 out of 88
INFO - 2020-08-16 14:24:49,695 [sc_aggregation.py:945] : Parallel aggregation futures collected: 47 out of 88
INFO - 2020-08-16 14:24:49,822 [sc_aggregation.py:945] : Parallel aggregation futures collected: 48 out of 88
INFO - 2020-08-16 14:24:49,843 [sc_aggregation.py:945] : Parallel aggregation futures collected: 49 out of 88
INFO - 2020-08-16 14:24:49,903 [sc_aggregation.py:945] : Parallel aggregation futures collected: 50 out of 88
INFO - 2020-08-16 14:24:49,921 [sc_aggregation.py:945] : Parallel aggregation futures collected: 51 out of 88
INFO - 2020-08-16 14:24:49,960 [sc_aggregation.py:945] : Parallel aggregation futures collected: 52 out of 88
INFO - 2020-08-16 14:24:50,043 [sc_aggregation.py:945] : Parallel aggregation futures collected: 53 out of 88
INFO - 2020-08-16 14:24:50,084 [sc_aggregation.py:945] : Parallel aggregation futures collected: 54 out of 88
INFO - 2020-08-16 14:24:50,120 [sc_aggregation.py:945] : Parallel aggregation futures collected: 55 out of 88
INFO - 2020-08-16 14:24:50,202 [sc_aggregation.py:945] : Parallel aggregation futures collected: 56 out of 88
INFO - 2020-08-16 14:24:50,367 [sc_aggregation.py:945] : Parallel aggregation futures collected: 57 out of 88
INFO - 2020-08-16 14:24:50,409 [sc_aggregation.py:945] : Parallel aggregation futures collected: 58 out of 88
INFO - 2020-08-16 14:24:50,423 [sc_aggregation.py:945] : Parallel aggregation futures collected: 59 out of 88
INFO - 2020-08-16 14:24:51,096 [sc_aggregation.py:945] : Parallel aggregation futures collected: 60 out of 88
INFO - 2020-08-16 14:24:52,441 [sc_aggregation.py:945] : Parallel aggregation futures collected: 61 out of 88
INFO - 2020-08-16 14:24:52,735 [sc_aggregation.py:945] : Parallel aggregation futures collected: 62 out of 88
INFO - 2020-08-16 14:24:52,884 [sc_aggregation.py:945] : Parallel aggregation futures collected: 63 out of 88
INFO - 2020-08-16 14:24:52,994 [sc_aggregation.py:945] : Parallel aggregation futures collected: 64 out of 88
INFO - 2020-08-16 14:24:53,224 [sc_aggregation.py:945] : Parallel aggregation futures collected: 65 out of 88
INFO - 2020-08-16 14:24:53,334 [sc_aggregation.py:945] : Parallel aggregation futures collected: 66 out of 88
INFO - 2020-08-16 14:24:53,354 [sc_aggregation.py:945] : Parallel aggregation futures collected: 67 out of 88
INFO - 2020-08-16 14:24:53,481 [sc_aggregation.py:945] : Parallel aggregation futures collected: 68 out of 88
INFO - 2020-08-16 14:24:53,484 [sc_aggregation.py:945] : Parallel aggregation futures collected: 69 out of 88
INFO - 2020-08-16 14:24:53,579 [sc_aggregation.py:945] : Parallel aggregation futures collected: 70 out of 88
INFO - 2020-08-16 14:24:53,694 [sc_aggregation.py:945] : Parallel aggregation futures collected: 71 out of 88
INFO - 2020-08-16 14:24:53,721 [sc_aggregation.py:945] : Parallel aggregation futures collected: 72 out of 88
INFO - 2020-08-16 14:24:53,859 [sc_aggregation.py:945] : Parallel aggregation futures collected: 73 out of 88
INFO - 2020-08-16 14:24:55,571 [sc_aggregation.py:945] : Parallel aggregation futures collected: 74 out of 88
INFO - 2020-08-16 14:24:55,848 [sc_aggregation.py:945] : Parallel aggregation futures collected: 75 out of 88
INFO - 2020-08-16 14:24:56,182 [sc_aggregation.py:945] : Parallel aggregation futures collected: 76 out of 88
INFO - 2020-08-16 14:24:57,514 [sc_aggregation.py:945] : Parallel aggregation futures collected: 77 out of 88
INFO - 2020-08-16 14:24:57,872 [sc_aggregation.py:945] : Parallel aggregation futures collected: 78 out of 88
INFO - 2020-08-16 14:24:57,890 [sc_aggregation.py:945] : Parallel aggregation futures collected: 79 out of 88
INFO - 2020-08-16 14:24:58,423 [sc_aggregation.py:945] : Parallel aggregation futures collected: 80 out of 88
INFO - 2020-08-16 14:24:58,503 [sc_aggregation.py:945] : Parallel aggregation futures collected: 81 out of 88
INFO - 2020-08-16 14:24:59,066 [sc_aggregation.py:945] : Parallel aggregation futures collected: 82 out of 88
INFO - 2020-08-16 14:24:59,103 [sc_aggregation.py:945] : Parallel aggregation futures collected: 83 out of 88
INFO - 2020-08-16 14:25:00,201 [sc_aggregation.py:945] : Parallel aggregation futures collected: 84 out of 88
INFO - 2020-08-16 14:25:00,503 [sc_aggregation.py:945] : Parallel aggregation futures collected: 85 out of 88
INFO - 2020-08-16 14:25:03,609 [sc_aggregation.py:945] : Parallel aggregation futures collected: 86 out of 88
INFO - 2020-08-16 14:25:03,719 [sc_aggregation.py:945] : Parallel aggregation futures collected: 87 out of 88
INFO - 2020-08-16 14:25:03,830 [sc_aggregation.py:945] : Parallel aggregation futures collected: 88 out of 88
WARNING - 2020-08-16 14:25:04,613 [sc_aggregation.py:363] : Requested offshore columns ['min_sub_tech', 'sub_type', 'array_cable_CAPEX', 'export_cable_CAPEX'] not found in generation meta data. Not including in aggregation output table.
INFO - 2020-08-16 14:46:19,264 [cli_sc_aggregation.py:290] : Supply curve aggregation complete. Time elapsed: 22.11 min. Target output dir: /lustre/eaglefs/shared-projects/rev/projects/soco/data/tables/transmission/agtables/transmission_118
